*design* DebussyLib (btIdent Verdi3_I-2014.03-SP2)
Command arguments:
    +define+verilog
    -f /media/cqiu/e/work/prj/AIPrj/sim/sim_fxx/runsim/run_qst_vrd_nuvm_vvd1602_nhls_tc1_lzw/flist.f
        /media/cqiu/e/work/prj/AIPrj/sim/sim_fxx/rtl/ipsim/blk_mem_1024_29_sim_netlist.v
        /media/cqiu/e/work/prj/AIPrj/sim/sim_fxx/rtl/ipsim/blk_mem_16k_23_sim_netlist.v
        /media/cqiu/e/work/prj/AIPrj/sim/sim_fxx/rtl/ipsim/blk_mem_32_8bit_sim_netlist.v
        /media/cqiu/e/work/prj/AIPrj/sim/sim_fxx/rtl/ipsim/fifo_1k_5bit_sim_netlist.v
        /media/cqiu/e/work/prj/AIPrj/sim/sim_fxx/rtl/ipsim/fifo_1k_9bit_sim_netlist.v
        /media/cqiu/e/work/prj/AIPrj/sim/sim_fxx/rtl/ipsim/fifo_8k_14bit_sim_netlist.v
        /media/cqiu/e/work/prj/AIPrj/sim/sim_fxx/rtl/lzw_backward_byte_reverse.v
        /media/cqiu/e/work/prj/AIPrj/sim/sim_fxx/rtl/lzw_backward_data_recover.v
        /media/cqiu/e/work/prj/AIPrj/sim/sim_fxx/rtl/lzw_backward_decompress.v
        /media/cqiu/e/work/prj/AIPrj/sim/sim_fxx/rtl/lzw_backward_dictionary.v
        /media/cqiu/e/work/prj/AIPrj/sim/sim_fxx/rtl/lzw_backward_dictionary_consult.v
        /media/cqiu/e/work/prj/AIPrj/sim/sim_fxx/rtl/lzw_forward_compress.v
        /media/cqiu/e/work/prj/AIPrj/sim/sim_fxx/rtl/lzw_forward_dictionary.v
        /media/cqiu/e/work/prj/AIPrj/sim/sim_fxx/rtl/lzw_forward_framer.v
        /media/cqiu/e/work/prj/AIPrj/sim/sim_fxx/rtl/lzw_forward_prepare.v
        /media/cqiu/e/work/prj/AIPrj/sim/sim_fxx/rtl/sync_reset.v
        /media/cqiu/e/work/prj/AIPrj/sim/sim_fxx/tb/btc/qst_vrd_nuvm_vvd1602_nhls_tc1_lzw/tb_lzw_top.v

Highest level modules:
glbl
lzw_backward_dictionary_consult
lzw_forward_frame
lzw_forward_prepare
tb_lzw_top


*Error* view RAMB36E1 is not defined for instance \DEVICE_7SERIES.NO_BMM_INFO.TRUE_DP.SIMPLE_PRIM36.ram
"/media/cqiu/e/work/prj/AIPrj/sim/sim_fxx/rtl/ipsim/blk_mem_1024_29_sim_netlist.v", 562: 

*Error* view GND is not defined for instance GND
"/media/cqiu/e/work/prj/AIPrj/sim/sim_fxx/rtl/ipsim/blk_mem_1024_29_sim_netlist.v", 892: 

*Error* view LUT3 is not defined for instance \DEVICE_7SERIES.NO_BMM_INFO.TRUE_DP.SIMPLE_PRIM36.ram_i_1
"/media/cqiu/e/work/prj/AIPrj/sim/sim_fxx/rtl/ipsim/blk_mem_16k_23_sim_netlist.v", 236: 

*Error* view LUT3 is not defined for instance \DEVICE_7SERIES.NO_BMM_INFO.TRUE_DP.SIMPLE_PRIM36.ram_i_1__0
"/media/cqiu/e/work/prj/AIPrj/sim/sim_fxx/rtl/ipsim/blk_mem_16k_23_sim_netlist.v", 243: 

*Error* view LUT3 is not defined for instance \DEVICE_7SERIES.NO_BMM_INFO.TRUE_DP.SIMPLE_PRIM36.ram_i_1__1
"/media/cqiu/e/work/prj/AIPrj/sim/sim_fxx/rtl/ipsim/blk_mem_16k_23_sim_netlist.v", 250: 

*Error* view LUT3 is not defined for instance \DEVICE_7SERIES.NO_BMM_INFO.TRUE_DP.SIMPLE_PRIM36.ram_i_2
"/media/cqiu/e/work/prj/AIPrj/sim/sim_fxx/rtl/ipsim/blk_mem_16k_23_sim_netlist.v", 272: 

*Error* view LUT3 is not defined for instance \DEVICE_7SERIES.NO_BMM_INFO.TRUE_DP.SIMPLE_PRIM36.ram_i_2__0
"/media/cqiu/e/work/prj/AIPrj/sim/sim_fxx/rtl/ipsim/blk_mem_16k_23_sim_netlist.v", 279: 

*Error* view LUT3 is not defined for instance \DEVICE_7SERIES.NO_BMM_INFO.TRUE_DP.SIMPLE_PRIM36.ram_i_2__1
"/media/cqiu/e/work/prj/AIPrj/sim/sim_fxx/rtl/ipsim/blk_mem_16k_23_sim_netlist.v", 286: 

*Error* view LUT6 is not defined for instance \douta[10]_INST_0
"/media/cqiu/e/work/prj/AIPrj/sim/sim_fxx/rtl/ipsim/blk_mem_16k_23_sim_netlist.v", 806: 

*Error* view LUT6 is not defined for instance \douta[11]_INST_0
"/media/cqiu/e/work/prj/AIPrj/sim/sim_fxx/rtl/ipsim/blk_mem_16k_23_sim_netlist.v", 816: 

*Error* view LUT6 is not defined for instance \douta[12]_INST_0
"/media/cqiu/e/work/prj/AIPrj/sim/sim_fxx/rtl/ipsim/blk_mem_16k_23_sim_netlist.v", 826: 

*Error* view LUT6 is not defined for instance \douta[13]_INST_0
"/media/cqiu/e/work/prj/AIPrj/sim/sim_fxx/rtl/ipsim/blk_mem_16k_23_sim_netlist.v", 836: 

*Error* view LUT6 is not defined for instance \douta[14]_INST_0
"/media/cqiu/e/work/prj/AIPrj/sim/sim_fxx/rtl/ipsim/blk_mem_16k_23_sim_netlist.v", 846: 

*Error* view LUT6 is not defined for instance \douta[15]_INST_0
"/media/cqiu/e/work/prj/AIPrj/sim/sim_fxx/rtl/ipsim/blk_mem_16k_23_sim_netlist.v", 856: 

*Error* view LUT6 is not defined for instance \douta[16]_INST_0
"/media/cqiu/e/work/prj/AIPrj/sim/sim_fxx/rtl/ipsim/blk_mem_16k_23_sim_netlist.v", 866: 

*Error* view LUT6 is not defined for instance \douta[17]_INST_0
"/media/cqiu/e/work/prj/AIPrj/sim/sim_fxx/rtl/ipsim/blk_mem_16k_23_sim_netlist.v", 876: 

*Error* view LUT6 is not defined for instance \douta[18]_INST_0
"/media/cqiu/e/work/prj/AIPrj/sim/sim_fxx/rtl/ipsim/blk_mem_16k_23_sim_netlist.v", 886: 

*Error* view LUT6 is not defined for instance \douta[19]_INST_0
"/media/cqiu/e/work/prj/AIPrj/sim/sim_fxx/rtl/ipsim/blk_mem_16k_23_sim_netlist.v", 896: 

*Error* view LUT6 is not defined for instance \douta[20]_INST_0
"/media/cqiu/e/work/prj/AIPrj/sim/sim_fxx/rtl/ipsim/blk_mem_16k_23_sim_netlist.v", 906: 

*Error* view LUT6 is not defined for instance \douta[21]_INST_0
"/media/cqiu/e/work/prj/AIPrj/sim/sim_fxx/rtl/ipsim/blk_mem_16k_23_sim_netlist.v", 916: 

*Error* view LUT6 is not defined for instance \douta[22]_INST_0
"/media/cqiu/e/work/prj/AIPrj/sim/sim_fxx/rtl/ipsim/blk_mem_16k_23_sim_netlist.v", 926: 

*Error* view LUT6 is not defined for instance \douta[5]_INST_0
"/media/cqiu/e/work/prj/AIPrj/sim/sim_fxx/rtl/ipsim/blk_mem_16k_23_sim_netlist.v", 936: 

*Error* view LUT6 is not defined for instance \douta[6]_INST_0
"/media/cqiu/e/work/prj/AIPrj/sim/sim_fxx/rtl/ipsim/blk_mem_16k_23_sim_netlist.v", 946: 

*Error* view LUT6 is not defined for instance \douta[7]_INST_0
"/media/cqiu/e/work/prj/AIPrj/sim/sim_fxx/rtl/ipsim/blk_mem_16k_23_sim_netlist.v", 956: 

*Error* view LUT6 is not defined for instance \douta[8]_INST_0
"/media/cqiu/e/work/prj/AIPrj/sim/sim_fxx/rtl/ipsim/blk_mem_16k_23_sim_netlist.v", 966: 

*Error* view LUT6 is not defined for instance \douta[9]_INST_0
"/media/cqiu/e/work/prj/AIPrj/sim/sim_fxx/rtl/ipsim/blk_mem_16k_23_sim_netlist.v", 976: 

*Error* view LUT6 is not defined for instance \no_softecc_sel_reg.ce_pri.sel_pipe[0]_i_1
"/media/cqiu/e/work/prj/AIPrj/sim/sim_fxx/rtl/ipsim/blk_mem_16k_23_sim_netlist.v", 986: 

*Error* view LUT6 is not defined for instance \no_softecc_sel_reg.ce_pri.sel_pipe[1]_i_1
"/media/cqiu/e/work/prj/AIPrj/sim/sim_fxx/rtl/ipsim/blk_mem_16k_23_sim_netlist.v", 996: 

*Error* view FDRE is not defined for instance \no_softecc_sel_reg.ce_pri.sel_pipe_reg[0]
"/media/cqiu/e/work/prj/AIPrj/sim/sim_fxx/rtl/ipsim/blk_mem_16k_23_sim_netlist.v", 1006: 

*Error* view FDRE is not defined for instance \no_softecc_sel_reg.ce_pri.sel_pipe_reg[1]
"/media/cqiu/e/work/prj/AIPrj/sim/sim_fxx/rtl/ipsim/blk_mem_16k_23_sim_netlist.v", 1014: 

*Error* view LUT6 is not defined for instance \doutb[10]_INST_0
"/media/cqiu/e/work/prj/AIPrj/sim/sim_fxx/rtl/ipsim/blk_mem_16k_23_sim_netlist.v", 1092: 

*Error* view LUT6 is not defined for instance \doutb[11]_INST_0
"/media/cqiu/e/work/prj/AIPrj/sim/sim_fxx/rtl/ipsim/blk_mem_16k_23_sim_netlist.v", 1102: 

*Error* view LUT6 is not defined for instance \doutb[12]_INST_0
"/media/cqiu/e/work/prj/AIPrj/sim/sim_fxx/rtl/ipsim/blk_mem_16k_23_sim_netlist.v", 1112: 

*Error* view LUT6 is not defined for instance \doutb[13]_INST_0
"/media/cqiu/e/work/prj/AIPrj/sim/sim_fxx/rtl/ipsim/blk_mem_16k_23_sim_netlist.v", 1122: 

*Error* view LUT6 is not defined for instance \doutb[14]_INST_0
"/media/cqiu/e/work/prj/AIPrj/sim/sim_fxx/rtl/ipsim/blk_mem_16k_23_sim_netlist.v", 1132: 

*Error* view LUT6 is not defined for instance \doutb[15]_INST_0
"/media/cqiu/e/work/prj/AIPrj/sim/sim_fxx/rtl/ipsim/blk_mem_16k_23_sim_netlist.v", 1142: 

*Error* view LUT6 is not defined for instance \doutb[16]_INST_0
"/media/cqiu/e/work/prj/AIPrj/sim/sim_fxx/rtl/ipsim/blk_mem_16k_23_sim_netlist.v", 1152: 

*Error* view LUT6 is not defined for instance \doutb[17]_INST_0
"/media/cqiu/e/work/prj/AIPrj/sim/sim_fxx/rtl/ipsim/blk_mem_16k_23_sim_netlist.v", 1162: 

*Error* view LUT6 is not defined for instance \doutb[18]_INST_0
"/media/cqiu/e/work/prj/AIPrj/sim/sim_fxx/rtl/ipsim/blk_mem_16k_23_sim_netlist.v", 1172: 

*Error* view LUT6 is not defined for instance \doutb[19]_INST_0
"/media/cqiu/e/work/prj/AIPrj/sim/sim_fxx/rtl/ipsim/blk_mem_16k_23_sim_netlist.v", 1182: 

*Error* view LUT6 is not defined for instance \doutb[20]_INST_0
"/media/cqiu/e/work/prj/AIPrj/sim/sim_fxx/rtl/ipsim/blk_mem_16k_23_sim_netlist.v", 1192: 

*Error* view LUT6 is not defined for instance \doutb[21]_INST_0
"/media/cqiu/e/work/prj/AIPrj/sim/sim_fxx/rtl/ipsim/blk_mem_16k_23_sim_netlist.v", 1202: 

*Error* view LUT6 is not defined for instance \doutb[22]_INST_0
"/media/cqiu/e/work/prj/AIPrj/sim/sim_fxx/rtl/ipsim/blk_mem_16k_23_sim_netlist.v", 1212: 

*Error* view LUT6 is not defined for instance \doutb[5]_INST_0
"/media/cqiu/e/work/prj/AIPrj/sim/sim_fxx/rtl/ipsim/blk_mem_16k_23_sim_netlist.v", 1222: 

*Error* view LUT6 is not defined for instance \doutb[6]_INST_0
"/media/cqiu/e/work/prj/AIPrj/sim/sim_fxx/rtl/ipsim/blk_mem_16k_23_sim_netlist.v", 1232: 

*Error* view LUT6 is not defined for instance \doutb[7]_INST_0
"/media/cqiu/e/work/prj/AIPrj/sim/sim_fxx/rtl/ipsim/blk_mem_16k_23_sim_netlist.v", 1242: 

*Error* view LUT6 is not defined for instance \doutb[8]_INST_0
"/media/cqiu/e/work/prj/AIPrj/sim/sim_fxx/rtl/ipsim/blk_mem_16k_23_sim_netlist.v", 1252: 

*Error* view LUT6 is not defined for instance \doutb[9]_INST_0
"/media/cqiu/e/work/prj/AIPrj/sim/sim_fxx/rtl/ipsim/blk_mem_16k_23_sim_netlist.v", 1262: 

*Error* view LUT3 is not defined for instance \no_softecc_sel_reg.ce_pri.sel_pipe[0]_i_1
"/media/cqiu/e/work/prj/AIPrj/sim/sim_fxx/rtl/ipsim/blk_mem_16k_23_sim_netlist.v", 1273: 

*Error* view LUT3 is not defined for instance \no_softecc_sel_reg.ce_pri.sel_pipe[1]_i_1
"/media/cqiu/e/work/prj/AIPrj/sim/sim_fxx/rtl/ipsim/blk_mem_16k_23_sim_netlist.v", 1281: 

*Error* view FDRE is not defined for instance \no_softecc_sel_reg.ce_pri.sel_pipe_reg[0]
"/media/cqiu/e/work/prj/AIPrj/sim/sim_fxx/rtl/ipsim/blk_mem_16k_23_sim_netlist.v", 1288: 

*Error* view FDRE is not defined for instance \no_softecc_sel_reg.ce_pri.sel_pipe_reg[1]
"/media/cqiu/e/work/prj/AIPrj/sim/sim_fxx/rtl/ipsim/blk_mem_16k_23_sim_netlist.v", 1296: 

*Error* view RAMB18E1 is not defined for instance \DEVICE_7SERIES.NO_BMM_INFO.TRUE_DP.SIMPLE_PRIM18.ram
"/media/cqiu/e/work/prj/AIPrj/sim/sim_fxx/rtl/ipsim/blk_mem_16k_23_sim_netlist.v", 2220: 

*Error* view RAMB36E1 is not defined for instance \DEVICE_7SERIES.NO_BMM_INFO.TRUE_DP.SIMPLE_PRIM36.ram
"/media/cqiu/e/work/prj/AIPrj/sim/sim_fxx/rtl/ipsim/blk_mem_16k_23_sim_netlist.v", 2478: 

*Error* view RAMB36E1 is not defined for instance \DEVICE_7SERIES.NO_BMM_INFO.TRUE_DP.SIMPLE_PRIM36.ram
"/media/cqiu/e/work/prj/AIPrj/sim/sim_fxx/rtl/ipsim/blk_mem_16k_23_sim_netlist.v", 2746: 

*Error* view RAMB36E1 is not defined for instance \DEVICE_7SERIES.NO_BMM_INFO.TRUE_DP.SIMPLE_PRIM36.ram
"/media/cqiu/e/work/prj/AIPrj/sim/sim_fxx/rtl/ipsim/blk_mem_16k_23_sim_netlist.v", 3020: 

*Error* view RAMB36E1 is not defined for instance \DEVICE_7SERIES.NO_BMM_INFO.TRUE_DP.SIMPLE_PRIM36.ram
"/media/cqiu/e/work/prj/AIPrj/sim/sim_fxx/rtl/ipsim/blk_mem_16k_23_sim_netlist.v", 3294: 

*Error* view RAMB36E1 is not defined for instance \DEVICE_7SERIES.NO_BMM_INFO.TRUE_DP.SIMPLE_PRIM36.ram
"/media/cqiu/e/work/prj/AIPrj/sim/sim_fxx/rtl/ipsim/blk_mem_16k_23_sim_netlist.v", 3568: 

*Error* view RAMB36E1 is not defined for instance \DEVICE_7SERIES.NO_BMM_INFO.TRUE_DP.SIMPLE_PRIM36.ram
"/media/cqiu/e/work/prj/AIPrj/sim/sim_fxx/rtl/ipsim/blk_mem_16k_23_sim_netlist.v", 3848: 

*Error* view LUT3 is not defined for instance \DEVICE_7SERIES.NO_BMM_INFO.TRUE_DP.SIMPLE_PRIM36.ram_i_1
"/media/cqiu/e/work/prj/AIPrj/sim/sim_fxx/rtl/ipsim/blk_mem_16k_23_sim_netlist.v", 3883: 

*Error* view LUT3 is not defined for instance \DEVICE_7SERIES.NO_BMM_INFO.TRUE_DP.SIMPLE_PRIM36.ram_i_2
"/media/cqiu/e/work/prj/AIPrj/sim/sim_fxx/rtl/ipsim/blk_mem_16k_23_sim_netlist.v", 3890: 

*Error* view RAMB36E1 is not defined for instance \DEVICE_7SERIES.NO_BMM_INFO.TRUE_DP.SIMPLE_PRIM36.ram
"/media/cqiu/e/work/prj/AIPrj/sim/sim_fxx/rtl/ipsim/blk_mem_16k_23_sim_netlist.v", 4136: 

*Error* view RAMB36E1 is not defined for instance \DEVICE_7SERIES.NO_BMM_INFO.TRUE_DP.SIMPLE_PRIM36.ram
"/media/cqiu/e/work/prj/AIPrj/sim/sim_fxx/rtl/ipsim/blk_mem_16k_23_sim_netlist.v", 4410: 

*Error* view RAMB36E1 is not defined for instance \DEVICE_7SERIES.NO_BMM_INFO.TRUE_DP.SIMPLE_PRIM36.ram
"/media/cqiu/e/work/prj/AIPrj/sim/sim_fxx/rtl/ipsim/blk_mem_16k_23_sim_netlist.v", 4684: 

*Error* view RAMB36E1 is not defined for instance \DEVICE_7SERIES.NO_BMM_INFO.TRUE_DP.SIMPLE_PRIM36.ram
"/media/cqiu/e/work/prj/AIPrj/sim/sim_fxx/rtl/ipsim/blk_mem_16k_23_sim_netlist.v", 4958: 

*Error* view GND is not defined for instance GND
"/media/cqiu/e/work/prj/AIPrj/sim/sim_fxx/rtl/ipsim/blk_mem_16k_23_sim_netlist.v", 5305: 

*Error* view FDRE is not defined for instance \SAFETY_CKT_GEN.ENA_NO_REG.ENA_dly_D_reg
"/media/cqiu/e/work/prj/AIPrj/sim/sim_fxx/rtl/ipsim/blk_mem_32_8bit_sim_netlist.v", 366: 

*Error* view FDRE is not defined for instance \SAFETY_CKT_GEN.ENA_NO_REG.ENA_dly_reg
"/media/cqiu/e/work/prj/AIPrj/sim/sim_fxx/rtl/ipsim/blk_mem_32_8bit_sim_netlist.v", 374: 

*Error* view FDRE is not defined for instance \SAFETY_CKT_GEN.ENB_NO_REG.ENB_dly_D_reg
"/media/cqiu/e/work/prj/AIPrj/sim/sim_fxx/rtl/ipsim/blk_mem_32_8bit_sim_netlist.v", 382: 

*Error* view FDRE is not defined for instance \SAFETY_CKT_GEN.ENB_NO_REG.ENB_dly_reg
"/media/cqiu/e/work/prj/AIPrj/sim/sim_fxx/rtl/ipsim/blk_mem_32_8bit_sim_netlist.v", 390: 

*Error* view FDRE is not defined for instance \SAFETY_CKT_GEN.POR_A_reg
"/media/cqiu/e/work/prj/AIPrj/sim/sim_fxx/rtl/ipsim/blk_mem_32_8bit_sim_netlist.v", 404: 

*Error* view FDRE is not defined for instance \SAFETY_CKT_GEN.POR_B_reg
"/media/cqiu/e/work/prj/AIPrj/sim/sim_fxx/rtl/ipsim/blk_mem_32_8bit_sim_netlist.v", 418: 

*Error* view FDRE is not defined for instance \SAFETY_CKT_GEN.RSTA_BUSY_NO_REG.RSTA_BUSY_reg
"/media/cqiu/e/work/prj/AIPrj/sim/sim_fxx/rtl/ipsim/blk_mem_32_8bit_sim_netlist.v", 424: 

*Error* view FDRE is not defined for instance \SAFETY_CKT_GEN.RSTA_SHFT_REG_reg[0]
"/media/cqiu/e/work/prj/AIPrj/sim/sim_fxx/rtl/ipsim/blk_mem_32_8bit_sim_netlist.v", 432: 

*Error* view FDRE is not defined for instance \SAFETY_CKT_GEN.RSTA_SHFT_REG_reg[4]
"/media/cqiu/e/work/prj/AIPrj/sim/sim_fxx/rtl/ipsim/blk_mem_32_8bit_sim_netlist.v", 453: 

*Error* view FDRE is not defined for instance \SAFETY_CKT_GEN.RSTB_SHFT_REG_reg[0]
"/media/cqiu/e/work/prj/AIPrj/sim/sim_fxx/rtl/ipsim/blk_mem_32_8bit_sim_netlist.v", 461: 

*Error* view FDRE is not defined for instance \SAFETY_CKT_GEN.RSTB_SHFT_REG_reg[4]
"/media/cqiu/e/work/prj/AIPrj/sim/sim_fxx/rtl/ipsim/blk_mem_32_8bit_sim_netlist.v", 482: 

*Error* view FDRE is not defined for instance \SAFETY_CKT_GEN.nSPRAM_RST_BUSY.RSTB_BUSY_NO_REG.RSTB_BUSY_reg
"/media/cqiu/e/work/prj/AIPrj/sim/sim_fxx/rtl/ipsim/blk_mem_32_8bit_sim_netlist.v", 488: 

*Error* view LUT2 is not defined for instance \SAFETY_CKT_GEN.POR_A_i_1
"/media/cqiu/e/work/prj/AIPrj/sim/sim_fxx/rtl/ipsim/blk_mem_32_8bit_sim_netlist.v", 398: 

*Error* view LUT2 is not defined for instance \SAFETY_CKT_GEN.POR_B_i_1
"/media/cqiu/e/work/prj/AIPrj/sim/sim_fxx/rtl/ipsim/blk_mem_32_8bit_sim_netlist.v", 412: 

*Error* view SRL16E is not defined for instance \SAFETY_CKT_GEN.RSTA_SHFT_REG_reg[3]_srl3
"/media/cqiu/e/work/prj/AIPrj/sim/sim_fxx/rtl/ipsim/blk_mem_32_8bit_sim_netlist.v", 442: 

*Error* view SRL16E is not defined for instance \SAFETY_CKT_GEN.RSTB_SHFT_REG_reg[3]_srl3
"/media/cqiu/e/work/prj/AIPrj/sim/sim_fxx/rtl/ipsim/blk_mem_32_8bit_sim_netlist.v", 471: 

*Error* view LUT4 is not defined for instance ram_rstram_a_busy
"/media/cqiu/e/work/prj/AIPrj/sim/sim_fxx/rtl/ipsim/blk_mem_32_8bit_sim_netlist.v", 517: 

*Error* view LUT4 is not defined for instance ram_rstram_b_busy
"/media/cqiu/e/work/prj/AIPrj/sim/sim_fxx/rtl/ipsim/blk_mem_32_8bit_sim_netlist.v", 525: 

*Error* view RAMB18E1 is not defined for instance \DEVICE_7SERIES.NO_BMM_INFO.TRUE_DP.SIMPLE_PRIM18.ram
"/media/cqiu/e/work/prj/AIPrj/sim/sim_fxx/rtl/ipsim/blk_mem_32_8bit_sim_netlist.v", 720: 

*Error* view LUT2 is not defined for instance \DEVICE_7SERIES.NO_BMM_INFO.TRUE_DP.SIMPLE_PRIM18.ram_i_1
"/media/cqiu/e/work/prj/AIPrj/sim/sim_fxx/rtl/ipsim/blk_mem_32_8bit_sim_netlist.v", 745: 

*Error* view LUT2 is not defined for instance \DEVICE_7SERIES.NO_BMM_INFO.TRUE_DP.SIMPLE_PRIM18.ram_i_2
"/media/cqiu/e/work/prj/AIPrj/sim/sim_fxx/rtl/ipsim/blk_mem_32_8bit_sim_netlist.v", 751: 

*Error* view LUT2 is not defined for instance \DEVICE_7SERIES.NO_BMM_INFO.TRUE_DP.SIMPLE_PRIM18.ram_i_3
"/media/cqiu/e/work/prj/AIPrj/sim/sim_fxx/rtl/ipsim/blk_mem_32_8bit_sim_netlist.v", 757: 

*Error* view LUT2 is not defined for instance \DEVICE_7SERIES.NO_BMM_INFO.TRUE_DP.SIMPLE_PRIM18.ram_i_4
"/media/cqiu/e/work/prj/AIPrj/sim/sim_fxx/rtl/ipsim/blk_mem_32_8bit_sim_netlist.v", 763: 

*Error* view GND is not defined for instance GND
"/media/cqiu/e/work/prj/AIPrj/sim/sim_fxx/rtl/ipsim/blk_mem_32_8bit_sim_netlist.v", 1051: 

*Error* view RAMB18E1 is not defined for instance \DEVICE_7SERIES.NO_BMM_INFO.SDP.SIMPLE_PRIM18.ram
"/media/cqiu/e/work/prj/AIPrj/sim/sim_fxx/rtl/ipsim/fifo_1k_5bit_sim_netlist.v", 827: 

*Error* view CARRY4 is not defined for instance \gmux.gm[0].gm1.m1_CARRY4
"/media/cqiu/e/work/prj/AIPrj/sim/sim_fxx/rtl/ipsim/fifo_1k_5bit_sim_netlist.v", 1006: 

*Error* view CARRY4 is not defined for instance \gmux.gm[4].gms.ms_CARRY4
"/media/cqiu/e/work/prj/AIPrj/sim/sim_fxx/rtl/ipsim/fifo_1k_5bit_sim_netlist.v", 1015: 

*Error* view LUT6 is not defined for instance ram_full_fb_i_i_1
"/media/cqiu/e/work/prj/AIPrj/sim/sim_fxx/rtl/ipsim/fifo_1k_5bit_sim_netlist.v", 1024: 

*Error* view CARRY4 is not defined for instance \gmux.gm[0].gm1.m1_CARRY4
"/media/cqiu/e/work/prj/AIPrj/sim/sim_fxx/rtl/ipsim/fifo_1k_5bit_sim_netlist.v", 1055: 

*Error* view CARRY4 is not defined for instance \gmux.gm[4].gms.ms_CARRY4
"/media/cqiu/e/work/prj/AIPrj/sim/sim_fxx/rtl/ipsim/fifo_1k_5bit_sim_netlist.v", 1064: 

*Error* view CARRY4 is not defined for instance \gmux.gm[0].gm1.m1_CARRY4
"/media/cqiu/e/work/prj/AIPrj/sim/sim_fxx/rtl/ipsim/fifo_1k_5bit_sim_netlist.v", 1122: 

*Error* view CARRY4 is not defined for instance \gmux.gm[4].gms.ms_CARRY4
"/media/cqiu/e/work/prj/AIPrj/sim/sim_fxx/rtl/ipsim/fifo_1k_5bit_sim_netlist.v", 1131: 

*Error* view LUT6 is not defined for instance ram_empty_fb_i_i_1
"/media/cqiu/e/work/prj/AIPrj/sim/sim_fxx/rtl/ipsim/fifo_1k_5bit_sim_netlist.v", 1140: 

*Error* view CARRY4 is not defined for instance \gmux.gm[0].gm1.m1_CARRY4
"/media/cqiu/e/work/prj/AIPrj/sim/sim_fxx/rtl/ipsim/fifo_1k_5bit_sim_netlist.v", 1171: 

*Error* view CARRY4 is not defined for instance \gmux.gm[4].gms.ms_CARRY4
"/media/cqiu/e/work/prj/AIPrj/sim/sim_fxx/rtl/ipsim/fifo_1k_5bit_sim_netlist.v", 1180: 

*Error* view GND is not defined for instance GND
"/media/cqiu/e/work/prj/AIPrj/sim/sim_fxx/rtl/ipsim/fifo_1k_5bit_sim_netlist.v", 2413: 

*Error* view VCC is not defined for instance VCC
"/media/cqiu/e/work/prj/AIPrj/sim/sim_fxx/rtl/ipsim/fifo_1k_5bit_sim_netlist.v", 2415: 

*Error* view LUT1 is not defined for instance \gc0.count[0]_i_1
"/media/cqiu/e/work/prj/AIPrj/sim/sim_fxx/rtl/ipsim/fifo_1k_5bit_sim_netlist.v", 2534: 

*Error* view LUT2 is not defined for instance \gc0.count[1]_i_1
"/media/cqiu/e/work/prj/AIPrj/sim/sim_fxx/rtl/ipsim/fifo_1k_5bit_sim_netlist.v", 2540: 

*Error* view LUT2 is not defined for instance \gc0.count[6]_i_1
"/media/cqiu/e/work/prj/AIPrj/sim/sim_fxx/rtl/ipsim/fifo_1k_5bit_sim_netlist.v", 2584: 

*Error* view LUT3 is not defined for instance \gc0.count[2]_i_1
"/media/cqiu/e/work/prj/AIPrj/sim/sim_fxx/rtl/ipsim/fifo_1k_5bit_sim_netlist.v", 2547: 

*Error* view LUT3 is not defined for instance \gc0.count[7]_i_1
"/media/cqiu/e/work/prj/AIPrj/sim/sim_fxx/rtl/ipsim/fifo_1k_5bit_sim_netlist.v", 2591: 

*Error* view LUT4 is not defined for instance \gc0.count[3]_i_1
"/media/cqiu/e/work/prj/AIPrj/sim/sim_fxx/rtl/ipsim/fifo_1k_5bit_sim_netlist.v", 2555: 

*Error* view LUT4 is not defined for instance \gc0.count[8]_i_1
"/media/cqiu/e/work/prj/AIPrj/sim/sim_fxx/rtl/ipsim/fifo_1k_5bit_sim_netlist.v", 2599: 

*Error* view LUT5 is not defined for instance \gc0.count[4]_i_1
"/media/cqiu/e/work/prj/AIPrj/sim/sim_fxx/rtl/ipsim/fifo_1k_5bit_sim_netlist.v", 2564: 

*Error* view LUT5 is not defined for instance \gc0.count[9]_i_1
"/media/cqiu/e/work/prj/AIPrj/sim/sim_fxx/rtl/ipsim/fifo_1k_5bit_sim_netlist.v", 2608: 

*Error* view LUT6 is not defined for instance \gc0.count[5]_i_1
"/media/cqiu/e/work/prj/AIPrj/sim/sim_fxx/rtl/ipsim/fifo_1k_5bit_sim_netlist.v", 2573: 

*Error* view LUT6 is not defined for instance \gc0.count[9]_i_2
"/media/cqiu/e/work/prj/AIPrj/sim/sim_fxx/rtl/ipsim/fifo_1k_5bit_sim_netlist.v", 2617: 

*Error* view FDRE is not defined for instance \gc0.count_d1_reg[0]
"/media/cqiu/e/work/prj/AIPrj/sim/sim_fxx/rtl/ipsim/fifo_1k_5bit_sim_netlist.v", 2627: 

*Error* view FDRE is not defined for instance \gc0.count_d1_reg[1]
"/media/cqiu/e/work/prj/AIPrj/sim/sim_fxx/rtl/ipsim/fifo_1k_5bit_sim_netlist.v", 2635: 

*Error* view FDRE is not defined for instance \gc0.count_d1_reg[2]
"/media/cqiu/e/work/prj/AIPrj/sim/sim_fxx/rtl/ipsim/fifo_1k_5bit_sim_netlist.v", 2643: 

*Error* view FDRE is not defined for instance \gc0.count_d1_reg[3]
"/media/cqiu/e/work/prj/AIPrj/sim/sim_fxx/rtl/ipsim/fifo_1k_5bit_sim_netlist.v", 2651: 

*Error* view FDRE is not defined for instance \gc0.count_d1_reg[4]
"/media/cqiu/e/work/prj/AIPrj/sim/sim_fxx/rtl/ipsim/fifo_1k_5bit_sim_netlist.v", 2659: 

*Error* view FDRE is not defined for instance \gc0.count_d1_reg[5]
"/media/cqiu/e/work/prj/AIPrj/sim/sim_fxx/rtl/ipsim/fifo_1k_5bit_sim_netlist.v", 2667: 

*Error* view FDRE is not defined for instance \gc0.count_d1_reg[6]
"/media/cqiu/e/work/prj/AIPrj/sim/sim_fxx/rtl/ipsim/fifo_1k_5bit_sim_netlist.v", 2675: 

*Error* view FDRE is not defined for instance \gc0.count_d1_reg[7]
"/media/cqiu/e/work/prj/AIPrj/sim/sim_fxx/rtl/ipsim/fifo_1k_5bit_sim_netlist.v", 2683: 

*Error* view FDRE is not defined for instance \gc0.count_d1_reg[8]
"/media/cqiu/e/work/prj/AIPrj/sim/sim_fxx/rtl/ipsim/fifo_1k_5bit_sim_netlist.v", 2691: 

*Error* view FDRE is not defined for instance \gc0.count_d1_reg[9]
"/media/cqiu/e/work/prj/AIPrj/sim/sim_fxx/rtl/ipsim/fifo_1k_5bit_sim_netlist.v", 2699: 

*Error* view FDRE is not defined for instance \gc0.count_reg[1]
"/media/cqiu/e/work/prj/AIPrj/sim/sim_fxx/rtl/ipsim/fifo_1k_5bit_sim_netlist.v", 2715: 

*Error* view FDRE is not defined for instance \gc0.count_reg[2]
"/media/cqiu/e/work/prj/AIPrj/sim/sim_fxx/rtl/ipsim/fifo_1k_5bit_sim_netlist.v", 2723: 

*Error* view FDRE is not defined for instance \gc0.count_reg[3]
"/media/cqiu/e/work/prj/AIPrj/sim/sim_fxx/rtl/ipsim/fifo_1k_5bit_sim_netlist.v", 2731: 

*Error* view FDRE is not defined for instance \gc0.count_reg[4]
"/media/cqiu/e/work/prj/AIPrj/sim/sim_fxx/rtl/ipsim/fifo_1k_5bit_sim_netlist.v", 2739: 

*Error* view FDRE is not defined for instance \gc0.count_reg[5]
"/media/cqiu/e/work/prj/AIPrj/sim/sim_fxx/rtl/ipsim/fifo_1k_5bit_sim_netlist.v", 2747: 

*Error* view FDRE is not defined for instance \gc0.count_reg[6]
"/media/cqiu/e/work/prj/AIPrj/sim/sim_fxx/rtl/ipsim/fifo_1k_5bit_sim_netlist.v", 2755: 

*Error* view FDRE is not defined for instance \gc0.count_reg[7]
"/media/cqiu/e/work/prj/AIPrj/sim/sim_fxx/rtl/ipsim/fifo_1k_5bit_sim_netlist.v", 2763: 

*Error* view FDRE is not defined for instance \gc0.count_reg[8]
"/media/cqiu/e/work/prj/AIPrj/sim/sim_fxx/rtl/ipsim/fifo_1k_5bit_sim_netlist.v", 2771: 

*Error* view FDRE is not defined for instance \gc0.count_reg[9]
"/media/cqiu/e/work/prj/AIPrj/sim/sim_fxx/rtl/ipsim/fifo_1k_5bit_sim_netlist.v", 2779: 

*Error* view FDSE is not defined for instance \gc0.count_reg[0]
"/media/cqiu/e/work/prj/AIPrj/sim/sim_fxx/rtl/ipsim/fifo_1k_5bit_sim_netlist.v", 2707: 

*Error* view LUT3 is not defined for instance \DEVICE_7SERIES.NO_BMM_INFO.SDP.SIMPLE_PRIM18.ram_i_2
"/media/cqiu/e/work/prj/AIPrj/sim/sim_fxx/rtl/ipsim/fifo_1k_5bit_sim_netlist.v", 2934: 

*Error* view LUT4 is not defined for instance \count[9]_i_1
"/media/cqiu/e/work/prj/AIPrj/sim/sim_fxx/rtl/ipsim/fifo_1k_5bit_sim_netlist.v", 2956: 

*Error* view LUT2 is not defined for instance \gc0.count_d1[9]_i_1
"/media/cqiu/e/work/prj/AIPrj/sim/sim_fxx/rtl/ipsim/fifo_1k_5bit_sim_netlist.v", 2964: 

*Error* view FDSE is not defined for instance ram_empty_fb_i_reg
"/media/cqiu/e/work/prj/AIPrj/sim/sim_fxx/rtl/ipsim/fifo_1k_5bit_sim_netlist.v", 2973: 

*Error* view FDSE is not defined for instance ram_empty_i_reg
"/media/cqiu/e/work/prj/AIPrj/sim/sim_fxx/rtl/ipsim/fifo_1k_5bit_sim_netlist.v", 2984: 

*Error* view LUT1 is not defined for instance \count[0]_i_1
"/media/cqiu/e/work/prj/AIPrj/sim/sim_fxx/rtl/ipsim/fifo_1k_5bit_sim_netlist.v", 3046: 

*Error* view LUT1 is not defined for instance \count[4]_i_2
"/media/cqiu/e/work/prj/AIPrj/sim/sim_fxx/rtl/ipsim/fifo_1k_5bit_sim_netlist.v", 3051: 

*Error* view LUT2 is not defined for instance \count[4]_i_3
"/media/cqiu/e/work/prj/AIPrj/sim/sim_fxx/rtl/ipsim/fifo_1k_5bit_sim_netlist.v", 3056: 

*Error* view LUT2 is not defined for instance \count[4]_i_4
"/media/cqiu/e/work/prj/AIPrj/sim/sim_fxx/rtl/ipsim/fifo_1k_5bit_sim_netlist.v", 3062: 

*Error* view LUT2 is not defined for instance \count[4]_i_5
"/media/cqiu/e/work/prj/AIPrj/sim/sim_fxx/rtl/ipsim/fifo_1k_5bit_sim_netlist.v", 3068: 

*Error* view LUT2 is not defined for instance \count[8]_i_2
"/media/cqiu/e/work/prj/AIPrj/sim/sim_fxx/rtl/ipsim/fifo_1k_5bit_sim_netlist.v", 3081: 

*Error* view LUT2 is not defined for instance \count[8]_i_3
"/media/cqiu/e/work/prj/AIPrj/sim/sim_fxx/rtl/ipsim/fifo_1k_5bit_sim_netlist.v", 3087: 

*Error* view LUT2 is not defined for instance \count[8]_i_4
"/media/cqiu/e/work/prj/AIPrj/sim/sim_fxx/rtl/ipsim/fifo_1k_5bit_sim_netlist.v", 3093: 

*Error* view LUT2 is not defined for instance \count[8]_i_5
"/media/cqiu/e/work/prj/AIPrj/sim/sim_fxx/rtl/ipsim/fifo_1k_5bit_sim_netlist.v", 3099: 

*Error* view LUT2 is not defined for instance \count[9]_i_3
"/media/cqiu/e/work/prj/AIPrj/sim/sim_fxx/rtl/ipsim/fifo_1k_5bit_sim_netlist.v", 3105: 

*Error* view LUT3 is not defined for instance \count[4]_i_6
"/media/cqiu/e/work/prj/AIPrj/sim/sim_fxx/rtl/ipsim/fifo_1k_5bit_sim_netlist.v", 3074: 

*Error* view FDRE is not defined for instance \count_reg[0]
"/media/cqiu/e/work/prj/AIPrj/sim/sim_fxx/rtl/ipsim/fifo_1k_5bit_sim_netlist.v", 3111: 

*Error* view FDRE is not defined for instance \count_reg[1]
"/media/cqiu/e/work/prj/AIPrj/sim/sim_fxx/rtl/ipsim/fifo_1k_5bit_sim_netlist.v", 3119: 

*Error* view FDRE is not defined for instance \count_reg[2]
"/media/cqiu/e/work/prj/AIPrj/sim/sim_fxx/rtl/ipsim/fifo_1k_5bit_sim_netlist.v", 3127: 

*Error* view FDRE is not defined for instance \count_reg[3]
"/media/cqiu/e/work/prj/AIPrj/sim/sim_fxx/rtl/ipsim/fifo_1k_5bit_sim_netlist.v", 3135: 

*Error* view FDRE is not defined for instance \count_reg[4]
"/media/cqiu/e/work/prj/AIPrj/sim/sim_fxx/rtl/ipsim/fifo_1k_5bit_sim_netlist.v", 3143: 

*Error* view FDRE is not defined for instance \count_reg[5]
"/media/cqiu/e/work/prj/AIPrj/sim/sim_fxx/rtl/ipsim/fifo_1k_5bit_sim_netlist.v", 3159: 

*Error* view FDRE is not defined for instance \count_reg[6]
"/media/cqiu/e/work/prj/AIPrj/sim/sim_fxx/rtl/ipsim/fifo_1k_5bit_sim_netlist.v", 3167: 

*Error* view FDRE is not defined for instance \count_reg[7]
"/media/cqiu/e/work/prj/AIPrj/sim/sim_fxx/rtl/ipsim/fifo_1k_5bit_sim_netlist.v", 3175: 

*Error* view FDRE is not defined for instance \count_reg[8]
"/media/cqiu/e/work/prj/AIPrj/sim/sim_fxx/rtl/ipsim/fifo_1k_5bit_sim_netlist.v", 3183: 

*Error* view FDRE is not defined for instance \count_reg[9]
"/media/cqiu/e/work/prj/AIPrj/sim/sim_fxx/rtl/ipsim/fifo_1k_5bit_sim_netlist.v", 3199: 

*Error* view CARRY4 is not defined for instance \count_reg[4]_i_1
"/media/cqiu/e/work/prj/AIPrj/sim/sim_fxx/rtl/ipsim/fifo_1k_5bit_sim_netlist.v", 3150: 

*Error* view CARRY4 is not defined for instance \count_reg[8]_i_1
"/media/cqiu/e/work/prj/AIPrj/sim/sim_fxx/rtl/ipsim/fifo_1k_5bit_sim_netlist.v", 3190: 

*Error* view CARRY4 is not defined for instance \count_reg[9]_i_2
"/media/cqiu/e/work/prj/AIPrj/sim/sim_fxx/rtl/ipsim/fifo_1k_5bit_sim_netlist.v", 3206: 

*Error* view LUT1 is not defined for instance \gcc0.gc0.count[0]_i_1
"/media/cqiu/e/work/prj/AIPrj/sim/sim_fxx/rtl/ipsim/fifo_1k_5bit_sim_netlist.v", 3266: 

*Error* view LUT2 is not defined for instance \gcc0.gc0.count[1]_i_1
"/media/cqiu/e/work/prj/AIPrj/sim/sim_fxx/rtl/ipsim/fifo_1k_5bit_sim_netlist.v", 3272: 

*Error* view LUT2 is not defined for instance \gcc0.gc0.count[6]_i_1
"/media/cqiu/e/work/prj/AIPrj/sim/sim_fxx/rtl/ipsim/fifo_1k_5bit_sim_netlist.v", 3316: 

*Error* view LUT3 is not defined for instance \gcc0.gc0.count[2]_i_1
"/media/cqiu/e/work/prj/AIPrj/sim/sim_fxx/rtl/ipsim/fifo_1k_5bit_sim_netlist.v", 3279: 

*Error* view LUT3 is not defined for instance \gcc0.gc0.count[7]_i_1
"/media/cqiu/e/work/prj/AIPrj/sim/sim_fxx/rtl/ipsim/fifo_1k_5bit_sim_netlist.v", 3323: 

*Error* view LUT4 is not defined for instance \gcc0.gc0.count[3]_i_1
"/media/cqiu/e/work/prj/AIPrj/sim/sim_fxx/rtl/ipsim/fifo_1k_5bit_sim_netlist.v", 3287: 

*Error* view LUT4 is not defined for instance \gcc0.gc0.count[8]_i_1
"/media/cqiu/e/work/prj/AIPrj/sim/sim_fxx/rtl/ipsim/fifo_1k_5bit_sim_netlist.v", 3331: 

*Error* view LUT4 is not defined for instance \gmux.gm[0].gm1.m1_i_1
"/media/cqiu/e/work/prj/AIPrj/sim/sim_fxx/rtl/ipsim/fifo_1k_5bit_sim_netlist.v", 3519: 

*Error* view LUT4 is not defined for instance \gmux.gm[0].gm1.m1_i_1__0
"/media/cqiu/e/work/prj/AIPrj/sim/sim_fxx/rtl/ipsim/fifo_1k_5bit_sim_netlist.v", 3527: 

*Error* view LUT4 is not defined for instance \gmux.gm[0].gm1.m1_i_1__1
"/media/cqiu/e/work/prj/AIPrj/sim/sim_fxx/rtl/ipsim/fifo_1k_5bit_sim_netlist.v", 3535: 

*Error* view LUT4 is not defined for instance \gmux.gm[0].gm1.m1_i_1__2
"/media/cqiu/e/work/prj/AIPrj/sim/sim_fxx/rtl/ipsim/fifo_1k_5bit_sim_netlist.v", 3543: 

*Error* view LUT4 is not defined for instance \gmux.gm[1].gms.ms_i_1
"/media/cqiu/e/work/prj/AIPrj/sim/sim_fxx/rtl/ipsim/fifo_1k_5bit_sim_netlist.v", 3551: 

*Error* view LUT4 is not defined for instance \gmux.gm[1].gms.ms_i_1__0
"/media/cqiu/e/work/prj/AIPrj/sim/sim_fxx/rtl/ipsim/fifo_1k_5bit_sim_netlist.v", 3559: 

*Error* view LUT4 is not defined for instance \gmux.gm[1].gms.ms_i_1__1
"/media/cqiu/e/work/prj/AIPrj/sim/sim_fxx/rtl/ipsim/fifo_1k_5bit_sim_netlist.v", 3567: 

*Error* view LUT4 is not defined for instance \gmux.gm[1].gms.ms_i_1__2
"/media/cqiu/e/work/prj/AIPrj/sim/sim_fxx/rtl/ipsim/fifo_1k_5bit_sim_netlist.v", 3575: 

*Error* view LUT4 is not defined for instance \gmux.gm[2].gms.ms_i_1
"/media/cqiu/e/work/prj/AIPrj/sim/sim_fxx/rtl/ipsim/fifo_1k_5bit_sim_netlist.v", 3583: 

*Error* view LUT4 is not defined for instance \gmux.gm[2].gms.ms_i_1__0
"/media/cqiu/e/work/prj/AIPrj/sim/sim_fxx/rtl/ipsim/fifo_1k_5bit_sim_netlist.v", 3591: 

*Error* view LUT4 is not defined for instance \gmux.gm[2].gms.ms_i_1__1
"/media/cqiu/e/work/prj/AIPrj/sim/sim_fxx/rtl/ipsim/fifo_1k_5bit_sim_netlist.v", 3599: 

*Error* view LUT4 is not defined for instance \gmux.gm[2].gms.ms_i_1__2
"/media/cqiu/e/work/prj/AIPrj/sim/sim_fxx/rtl/ipsim/fifo_1k_5bit_sim_netlist.v", 3607: 

*Error* view LUT4 is not defined for instance \gmux.gm[3].gms.ms_i_1
"/media/cqiu/e/work/prj/AIPrj/sim/sim_fxx/rtl/ipsim/fifo_1k_5bit_sim_netlist.v", 3615: 

*Error* view LUT4 is not defined for instance \gmux.gm[3].gms.ms_i_1__0
"/media/cqiu/e/work/prj/AIPrj/sim/sim_fxx/rtl/ipsim/fifo_1k_5bit_sim_netlist.v", 3623: 

*Error* view LUT4 is not defined for instance \gmux.gm[3].gms.ms_i_1__1
"/media/cqiu/e/work/prj/AIPrj/sim/sim_fxx/rtl/ipsim/fifo_1k_5bit_sim_netlist.v", 3631: 

*Error* view LUT4 is not defined for instance \gmux.gm[3].gms.ms_i_1__2
"/media/cqiu/e/work/prj/AIPrj/sim/sim_fxx/rtl/ipsim/fifo_1k_5bit_sim_netlist.v", 3639: 

*Error* view LUT4 is not defined for instance \gmux.gm[4].gms.ms_i_1
"/media/cqiu/e/work/prj/AIPrj/sim/sim_fxx/rtl/ipsim/fifo_1k_5bit_sim_netlist.v", 3647: 

*Error* view LUT4 is not defined for instance \gmux.gm[4].gms.ms_i_1__0
"/media/cqiu/e/work/prj/AIPrj/sim/sim_fxx/rtl/ipsim/fifo_1k_5bit_sim_netlist.v", 3655: 

*Error* view LUT4 is not defined for instance \gmux.gm[4].gms.ms_i_1__1
"/media/cqiu/e/work/prj/AIPrj/sim/sim_fxx/rtl/ipsim/fifo_1k_5bit_sim_netlist.v", 3663: 

*Error* view LUT4 is not defined for instance \gmux.gm[4].gms.ms_i_1__2
"/media/cqiu/e/work/prj/AIPrj/sim/sim_fxx/rtl/ipsim/fifo_1k_5bit_sim_netlist.v", 3671: 

*Error* view LUT5 is not defined for instance \gcc0.gc0.count[4]_i_1
"/media/cqiu/e/work/prj/AIPrj/sim/sim_fxx/rtl/ipsim/fifo_1k_5bit_sim_netlist.v", 3296: 

*Error* view LUT5 is not defined for instance \gcc0.gc0.count[9]_i_1
"/media/cqiu/e/work/prj/AIPrj/sim/sim_fxx/rtl/ipsim/fifo_1k_5bit_sim_netlist.v", 3340: 

*Error* view LUT6 is not defined for instance \gcc0.gc0.count[5]_i_1
"/media/cqiu/e/work/prj/AIPrj/sim/sim_fxx/rtl/ipsim/fifo_1k_5bit_sim_netlist.v", 3305: 

*Error* view LUT6 is not defined for instance \gcc0.gc0.count[9]_i_2
"/media/cqiu/e/work/prj/AIPrj/sim/sim_fxx/rtl/ipsim/fifo_1k_5bit_sim_netlist.v", 3349: 

*Error* view FDRE is not defined for instance \gcc0.gc0.count_d1_reg[0]
"/media/cqiu/e/work/prj/AIPrj/sim/sim_fxx/rtl/ipsim/fifo_1k_5bit_sim_netlist.v", 3359: 

*Error* view FDRE is not defined for instance \gcc0.gc0.count_d1_reg[1]
"/media/cqiu/e/work/prj/AIPrj/sim/sim_fxx/rtl/ipsim/fifo_1k_5bit_sim_netlist.v", 3367: 

*Error* view FDRE is not defined for instance \gcc0.gc0.count_d1_reg[2]
"/media/cqiu/e/work/prj/AIPrj/sim/sim_fxx/rtl/ipsim/fifo_1k_5bit_sim_netlist.v", 3375: 

*Error* view FDRE is not defined for instance \gcc0.gc0.count_d1_reg[3]
"/media/cqiu/e/work/prj/AIPrj/sim/sim_fxx/rtl/ipsim/fifo_1k_5bit_sim_netlist.v", 3383: 

*Error* view FDRE is not defined for instance \gcc0.gc0.count_d1_reg[4]
"/media/cqiu/e/work/prj/AIPrj/sim/sim_fxx/rtl/ipsim/fifo_1k_5bit_sim_netlist.v", 3391: 

*Error* view FDRE is not defined for instance \gcc0.gc0.count_d1_reg[5]
"/media/cqiu/e/work/prj/AIPrj/sim/sim_fxx/rtl/ipsim/fifo_1k_5bit_sim_netlist.v", 3399: 

*Error* view FDRE is not defined for instance \gcc0.gc0.count_d1_reg[6]
"/media/cqiu/e/work/prj/AIPrj/sim/sim_fxx/rtl/ipsim/fifo_1k_5bit_sim_netlist.v", 3407: 

*Error* view FDRE is not defined for instance \gcc0.gc0.count_d1_reg[7]
"/media/cqiu/e/work/prj/AIPrj/sim/sim_fxx/rtl/ipsim/fifo_1k_5bit_sim_netlist.v", 3415: 

*Error* view FDRE is not defined for instance \gcc0.gc0.count_d1_reg[8]
"/media/cqiu/e/work/prj/AIPrj/sim/sim_fxx/rtl/ipsim/fifo_1k_5bit_sim_netlist.v", 3423: 

*Error* view FDRE is not defined for instance \gcc0.gc0.count_d1_reg[9]
"/media/cqiu/e/work/prj/AIPrj/sim/sim_fxx/rtl/ipsim/fifo_1k_5bit_sim_netlist.v", 3431: 

*Error* view FDRE is not defined for instance \gcc0.gc0.count_reg[1]
"/media/cqiu/e/work/prj/AIPrj/sim/sim_fxx/rtl/ipsim/fifo_1k_5bit_sim_netlist.v", 3447: 

*Error* view FDRE is not defined for instance \gcc0.gc0.count_reg[2]
"/media/cqiu/e/work/prj/AIPrj/sim/sim_fxx/rtl/ipsim/fifo_1k_5bit_sim_netlist.v", 3455: 

*Error* view FDRE is not defined for instance \gcc0.gc0.count_reg[3]
"/media/cqiu/e/work/prj/AIPrj/sim/sim_fxx/rtl/ipsim/fifo_1k_5bit_sim_netlist.v", 3463: 

*Error* view FDRE is not defined for instance \gcc0.gc0.count_reg[4]
"/media/cqiu/e/work/prj/AIPrj/sim/sim_fxx/rtl/ipsim/fifo_1k_5bit_sim_netlist.v", 3471: 

*Error* view FDRE is not defined for instance \gcc0.gc0.count_reg[5]
"/media/cqiu/e/work/prj/AIPrj/sim/sim_fxx/rtl/ipsim/fifo_1k_5bit_sim_netlist.v", 3479: 

*Error* view FDRE is not defined for instance \gcc0.gc0.count_reg[6]
"/media/cqiu/e/work/prj/AIPrj/sim/sim_fxx/rtl/ipsim/fifo_1k_5bit_sim_netlist.v", 3487: 

*Error* view FDRE is not defined for instance \gcc0.gc0.count_reg[7]
"/media/cqiu/e/work/prj/AIPrj/sim/sim_fxx/rtl/ipsim/fifo_1k_5bit_sim_netlist.v", 3495: 

*Error* view FDRE is not defined for instance \gcc0.gc0.count_reg[8]
"/media/cqiu/e/work/prj/AIPrj/sim/sim_fxx/rtl/ipsim/fifo_1k_5bit_sim_netlist.v", 3503: 

*Error* view FDRE is not defined for instance \gcc0.gc0.count_reg[9]
"/media/cqiu/e/work/prj/AIPrj/sim/sim_fxx/rtl/ipsim/fifo_1k_5bit_sim_netlist.v", 3511: 

*Error* view FDSE is not defined for instance \gcc0.gc0.count_reg[0]
"/media/cqiu/e/work/prj/AIPrj/sim/sim_fxx/rtl/ipsim/fifo_1k_5bit_sim_netlist.v", 3439: 

*Error* view LUT2 is not defined for instance \DEVICE_7SERIES.NO_BMM_INFO.SDP.SIMPLE_PRIM18.ram_i_1
"/media/cqiu/e/work/prj/AIPrj/sim/sim_fxx/rtl/ipsim/fifo_1k_5bit_sim_netlist.v", 3806: 

*Error* view LUT1 is not defined for instance i_0
"/media/cqiu/e/work/prj/AIPrj/sim/sim_fxx/rtl/ipsim/fifo_1k_5bit_sim_netlist.v", 3823: 

*Error* view LUT1 is not defined for instance i_1
"/media/cqiu/e/work/prj/AIPrj/sim/sim_fxx/rtl/ipsim/fifo_1k_5bit_sim_netlist.v", 3828: 

*Error* view FDRE is not defined for instance ram_full_fb_i_reg
"/media/cqiu/e/work/prj/AIPrj/sim/sim_fxx/rtl/ipsim/fifo_1k_5bit_sim_netlist.v", 3836: 

*Error* view FDRE is not defined for instance ram_full_i_reg
"/media/cqiu/e/work/prj/AIPrj/sim/sim_fxx/rtl/ipsim/fifo_1k_5bit_sim_netlist.v", 3847: 

*Error* view RAMB18E1 is not defined for instance \DEVICE_7SERIES.NO_BMM_INFO.SDP.SIMPLE_PRIM18.ram
"/media/cqiu/e/work/prj/AIPrj/sim/sim_fxx/rtl/ipsim/fifo_1k_9bit_sim_netlist.v", 823: 

*Error* view CARRY4 is not defined for instance \gmux.gm[0].gm1.m1_CARRY4
"/media/cqiu/e/work/prj/AIPrj/sim/sim_fxx/rtl/ipsim/fifo_1k_9bit_sim_netlist.v", 1002: 

*Error* view CARRY4 is not defined for instance \gmux.gm[4].gms.ms_CARRY4
"/media/cqiu/e/work/prj/AIPrj/sim/sim_fxx/rtl/ipsim/fifo_1k_9bit_sim_netlist.v", 1011: 

*Error* view LUT6 is not defined for instance ram_full_fb_i_i_1
"/media/cqiu/e/work/prj/AIPrj/sim/sim_fxx/rtl/ipsim/fifo_1k_9bit_sim_netlist.v", 1020: 

*Error* view CARRY4 is not defined for instance \gmux.gm[0].gm1.m1_CARRY4
"/media/cqiu/e/work/prj/AIPrj/sim/sim_fxx/rtl/ipsim/fifo_1k_9bit_sim_netlist.v", 1051: 

*Error* view CARRY4 is not defined for instance \gmux.gm[4].gms.ms_CARRY4
"/media/cqiu/e/work/prj/AIPrj/sim/sim_fxx/rtl/ipsim/fifo_1k_9bit_sim_netlist.v", 1060: 

*Error* view CARRY4 is not defined for instance \gmux.gm[0].gm1.m1_CARRY4
"/media/cqiu/e/work/prj/AIPrj/sim/sim_fxx/rtl/ipsim/fifo_1k_9bit_sim_netlist.v", 1118: 

*Error* view CARRY4 is not defined for instance \gmux.gm[4].gms.ms_CARRY4
"/media/cqiu/e/work/prj/AIPrj/sim/sim_fxx/rtl/ipsim/fifo_1k_9bit_sim_netlist.v", 1127: 

*Error* view LUT6 is not defined for instance ram_empty_fb_i_i_1
"/media/cqiu/e/work/prj/AIPrj/sim/sim_fxx/rtl/ipsim/fifo_1k_9bit_sim_netlist.v", 1136: 

*Error* view CARRY4 is not defined for instance \gmux.gm[0].gm1.m1_CARRY4
"/media/cqiu/e/work/prj/AIPrj/sim/sim_fxx/rtl/ipsim/fifo_1k_9bit_sim_netlist.v", 1167: 

*Error* view CARRY4 is not defined for instance \gmux.gm[4].gms.ms_CARRY4
"/media/cqiu/e/work/prj/AIPrj/sim/sim_fxx/rtl/ipsim/fifo_1k_9bit_sim_netlist.v", 1176: 

*Error* view GND is not defined for instance GND
"/media/cqiu/e/work/prj/AIPrj/sim/sim_fxx/rtl/ipsim/fifo_1k_9bit_sim_netlist.v", 2409: 

*Error* view VCC is not defined for instance VCC
"/media/cqiu/e/work/prj/AIPrj/sim/sim_fxx/rtl/ipsim/fifo_1k_9bit_sim_netlist.v", 2411: 

*Error* view LUT1 is not defined for instance \gc0.count[0]_i_1
"/media/cqiu/e/work/prj/AIPrj/sim/sim_fxx/rtl/ipsim/fifo_1k_9bit_sim_netlist.v", 2530: 

*Error* view LUT2 is not defined for instance \gc0.count[1]_i_1
"/media/cqiu/e/work/prj/AIPrj/sim/sim_fxx/rtl/ipsim/fifo_1k_9bit_sim_netlist.v", 2536: 

*Error* view LUT2 is not defined for instance \gc0.count[6]_i_1
"/media/cqiu/e/work/prj/AIPrj/sim/sim_fxx/rtl/ipsim/fifo_1k_9bit_sim_netlist.v", 2580: 

*Error* view LUT3 is not defined for instance \gc0.count[2]_i_1
"/media/cqiu/e/work/prj/AIPrj/sim/sim_fxx/rtl/ipsim/fifo_1k_9bit_sim_netlist.v", 2543: 

*Error* view LUT3 is not defined for instance \gc0.count[7]_i_1
"/media/cqiu/e/work/prj/AIPrj/sim/sim_fxx/rtl/ipsim/fifo_1k_9bit_sim_netlist.v", 2587: 

*Error* view LUT4 is not defined for instance \gc0.count[3]_i_1
"/media/cqiu/e/work/prj/AIPrj/sim/sim_fxx/rtl/ipsim/fifo_1k_9bit_sim_netlist.v", 2551: 

*Error* view LUT4 is not defined for instance \gc0.count[8]_i_1
"/media/cqiu/e/work/prj/AIPrj/sim/sim_fxx/rtl/ipsim/fifo_1k_9bit_sim_netlist.v", 2595: 

*Error* view LUT5 is not defined for instance \gc0.count[4]_i_1
"/media/cqiu/e/work/prj/AIPrj/sim/sim_fxx/rtl/ipsim/fifo_1k_9bit_sim_netlist.v", 2560: 

*Error* view LUT5 is not defined for instance \gc0.count[9]_i_1
"/media/cqiu/e/work/prj/AIPrj/sim/sim_fxx/rtl/ipsim/fifo_1k_9bit_sim_netlist.v", 2604: 

*Error* view LUT6 is not defined for instance \gc0.count[5]_i_1
"/media/cqiu/e/work/prj/AIPrj/sim/sim_fxx/rtl/ipsim/fifo_1k_9bit_sim_netlist.v", 2569: 

*Error* view LUT6 is not defined for instance \gc0.count[9]_i_2
"/media/cqiu/e/work/prj/AIPrj/sim/sim_fxx/rtl/ipsim/fifo_1k_9bit_sim_netlist.v", 2613: 

*Error* view FDRE is not defined for instance \gc0.count_d1_reg[0]
"/media/cqiu/e/work/prj/AIPrj/sim/sim_fxx/rtl/ipsim/fifo_1k_9bit_sim_netlist.v", 2623: 

*Error* view FDRE is not defined for instance \gc0.count_d1_reg[1]
"/media/cqiu/e/work/prj/AIPrj/sim/sim_fxx/rtl/ipsim/fifo_1k_9bit_sim_netlist.v", 2631: 

*Error* view FDRE is not defined for instance \gc0.count_d1_reg[2]
"/media/cqiu/e/work/prj/AIPrj/sim/sim_fxx/rtl/ipsim/fifo_1k_9bit_sim_netlist.v", 2639: 

*Error* view FDRE is not defined for instance \gc0.count_d1_reg[3]
"/media/cqiu/e/work/prj/AIPrj/sim/sim_fxx/rtl/ipsim/fifo_1k_9bit_sim_netlist.v", 2647: 

*Error* view FDRE is not defined for instance \gc0.count_d1_reg[4]
"/media/cqiu/e/work/prj/AIPrj/sim/sim_fxx/rtl/ipsim/fifo_1k_9bit_sim_netlist.v", 2655: 

*Error* view FDRE is not defined for instance \gc0.count_d1_reg[5]
"/media/cqiu/e/work/prj/AIPrj/sim/sim_fxx/rtl/ipsim/fifo_1k_9bit_sim_netlist.v", 2663: 

*Error* view FDRE is not defined for instance \gc0.count_d1_reg[6]
"/media/cqiu/e/work/prj/AIPrj/sim/sim_fxx/rtl/ipsim/fifo_1k_9bit_sim_netlist.v", 2671: 

*Error* view FDRE is not defined for instance \gc0.count_d1_reg[7]
"/media/cqiu/e/work/prj/AIPrj/sim/sim_fxx/rtl/ipsim/fifo_1k_9bit_sim_netlist.v", 2679: 

*Error* view FDRE is not defined for instance \gc0.count_d1_reg[8]
"/media/cqiu/e/work/prj/AIPrj/sim/sim_fxx/rtl/ipsim/fifo_1k_9bit_sim_netlist.v", 2687: 

*Error* view FDRE is not defined for instance \gc0.count_d1_reg[9]
"/media/cqiu/e/work/prj/AIPrj/sim/sim_fxx/rtl/ipsim/fifo_1k_9bit_sim_netlist.v", 2695: 

*Error* view FDRE is not defined for instance \gc0.count_reg[1]
"/media/cqiu/e/work/prj/AIPrj/sim/sim_fxx/rtl/ipsim/fifo_1k_9bit_sim_netlist.v", 2711: 

*Error* view FDRE is not defined for instance \gc0.count_reg[2]
"/media/cqiu/e/work/prj/AIPrj/sim/sim_fxx/rtl/ipsim/fifo_1k_9bit_sim_netlist.v", 2719: 

*Error* view FDRE is not defined for instance \gc0.count_reg[3]
"/media/cqiu/e/work/prj/AIPrj/sim/sim_fxx/rtl/ipsim/fifo_1k_9bit_sim_netlist.v", 2727: 

*Error* view FDRE is not defined for instance \gc0.count_reg[4]
"/media/cqiu/e/work/prj/AIPrj/sim/sim_fxx/rtl/ipsim/fifo_1k_9bit_sim_netlist.v", 2735: 

*Error* view FDRE is not defined for instance \gc0.count_reg[5]
"/media/cqiu/e/work/prj/AIPrj/sim/sim_fxx/rtl/ipsim/fifo_1k_9bit_sim_netlist.v", 2743: 

*Error* view FDRE is not defined for instance \gc0.count_reg[6]
"/media/cqiu/e/work/prj/AIPrj/sim/sim_fxx/rtl/ipsim/fifo_1k_9bit_sim_netlist.v", 2751: 

*Error* view FDRE is not defined for instance \gc0.count_reg[7]
"/media/cqiu/e/work/prj/AIPrj/sim/sim_fxx/rtl/ipsim/fifo_1k_9bit_sim_netlist.v", 2759: 

*Error* view FDRE is not defined for instance \gc0.count_reg[8]
"/media/cqiu/e/work/prj/AIPrj/sim/sim_fxx/rtl/ipsim/fifo_1k_9bit_sim_netlist.v", 2767: 

*Error* view FDRE is not defined for instance \gc0.count_reg[9]
"/media/cqiu/e/work/prj/AIPrj/sim/sim_fxx/rtl/ipsim/fifo_1k_9bit_sim_netlist.v", 2775: 

*Error* view FDSE is not defined for instance \gc0.count_reg[0]
"/media/cqiu/e/work/prj/AIPrj/sim/sim_fxx/rtl/ipsim/fifo_1k_9bit_sim_netlist.v", 2703: 

*Error* view LUT3 is not defined for instance \DEVICE_7SERIES.NO_BMM_INFO.SDP.SIMPLE_PRIM18.ram_i_2
"/media/cqiu/e/work/prj/AIPrj/sim/sim_fxx/rtl/ipsim/fifo_1k_9bit_sim_netlist.v", 2930: 

*Error* view LUT4 is not defined for instance \count[9]_i_1
"/media/cqiu/e/work/prj/AIPrj/sim/sim_fxx/rtl/ipsim/fifo_1k_9bit_sim_netlist.v", 2952: 

*Error* view LUT2 is not defined for instance \gc0.count_d1[9]_i_1
"/media/cqiu/e/work/prj/AIPrj/sim/sim_fxx/rtl/ipsim/fifo_1k_9bit_sim_netlist.v", 2960: 

*Error* view FDSE is not defined for instance ram_empty_fb_i_reg
"/media/cqiu/e/work/prj/AIPrj/sim/sim_fxx/rtl/ipsim/fifo_1k_9bit_sim_netlist.v", 2969: 

*Error* view FDSE is not defined for instance ram_empty_i_reg
"/media/cqiu/e/work/prj/AIPrj/sim/sim_fxx/rtl/ipsim/fifo_1k_9bit_sim_netlist.v", 2980: 

*Error* view LUT1 is not defined for instance \count[0]_i_1
"/media/cqiu/e/work/prj/AIPrj/sim/sim_fxx/rtl/ipsim/fifo_1k_9bit_sim_netlist.v", 3042: 

*Error* view LUT1 is not defined for instance \count[4]_i_2
"/media/cqiu/e/work/prj/AIPrj/sim/sim_fxx/rtl/ipsim/fifo_1k_9bit_sim_netlist.v", 3047: 

*Error* view LUT2 is not defined for instance \count[4]_i_3
"/media/cqiu/e/work/prj/AIPrj/sim/sim_fxx/rtl/ipsim/fifo_1k_9bit_sim_netlist.v", 3052: 

*Error* view LUT2 is not defined for instance \count[4]_i_4
"/media/cqiu/e/work/prj/AIPrj/sim/sim_fxx/rtl/ipsim/fifo_1k_9bit_sim_netlist.v", 3058: 

*Error* view LUT2 is not defined for instance \count[4]_i_5
"/media/cqiu/e/work/prj/AIPrj/sim/sim_fxx/rtl/ipsim/fifo_1k_9bit_sim_netlist.v", 3064: 

*Error* view LUT2 is not defined for instance \count[8]_i_2
"/media/cqiu/e/work/prj/AIPrj/sim/sim_fxx/rtl/ipsim/fifo_1k_9bit_sim_netlist.v", 3077: 

*Error* view LUT2 is not defined for instance \count[8]_i_3
"/media/cqiu/e/work/prj/AIPrj/sim/sim_fxx/rtl/ipsim/fifo_1k_9bit_sim_netlist.v", 3083: 

*Error* view LUT2 is not defined for instance \count[8]_i_4
"/media/cqiu/e/work/prj/AIPrj/sim/sim_fxx/rtl/ipsim/fifo_1k_9bit_sim_netlist.v", 3089: 

*Error* view LUT2 is not defined for instance \count[8]_i_5
"/media/cqiu/e/work/prj/AIPrj/sim/sim_fxx/rtl/ipsim/fifo_1k_9bit_sim_netlist.v", 3095: 

*Error* view LUT2 is not defined for instance \count[9]_i_3
"/media/cqiu/e/work/prj/AIPrj/sim/sim_fxx/rtl/ipsim/fifo_1k_9bit_sim_netlist.v", 3101: 

*Error* view LUT3 is not defined for instance \count[4]_i_6
"/media/cqiu/e/work/prj/AIPrj/sim/sim_fxx/rtl/ipsim/fifo_1k_9bit_sim_netlist.v", 3070: 

*Error* view FDRE is not defined for instance \count_reg[0]
"/media/cqiu/e/work/prj/AIPrj/sim/sim_fxx/rtl/ipsim/fifo_1k_9bit_sim_netlist.v", 3107: 

*Error* view FDRE is not defined for instance \count_reg[1]
"/media/cqiu/e/work/prj/AIPrj/sim/sim_fxx/rtl/ipsim/fifo_1k_9bit_sim_netlist.v", 3115: 

*Error* view FDRE is not defined for instance \count_reg[2]
"/media/cqiu/e/work/prj/AIPrj/sim/sim_fxx/rtl/ipsim/fifo_1k_9bit_sim_netlist.v", 3123: 

*Error* view FDRE is not defined for instance \count_reg[3]
"/media/cqiu/e/work/prj/AIPrj/sim/sim_fxx/rtl/ipsim/fifo_1k_9bit_sim_netlist.v", 3131: 

*Error* view FDRE is not defined for instance \count_reg[4]
"/media/cqiu/e/work/prj/AIPrj/sim/sim_fxx/rtl/ipsim/fifo_1k_9bit_sim_netlist.v", 3139: 

*Error* view FDRE is not defined for instance \count_reg[5]
"/media/cqiu/e/work/prj/AIPrj/sim/sim_fxx/rtl/ipsim/fifo_1k_9bit_sim_netlist.v", 3155: 

*Error* view FDRE is not defined for instance \count_reg[6]
"/media/cqiu/e/work/prj/AIPrj/sim/sim_fxx/rtl/ipsim/fifo_1k_9bit_sim_netlist.v", 3163: 

*Error* view FDRE is not defined for instance \count_reg[7]
"/media/cqiu/e/work/prj/AIPrj/sim/sim_fxx/rtl/ipsim/fifo_1k_9bit_sim_netlist.v", 3171: 

*Error* view FDRE is not defined for instance \count_reg[8]
"/media/cqiu/e/work/prj/AIPrj/sim/sim_fxx/rtl/ipsim/fifo_1k_9bit_sim_netlist.v", 3179: 

*Error* view FDRE is not defined for instance \count_reg[9]
"/media/cqiu/e/work/prj/AIPrj/sim/sim_fxx/rtl/ipsim/fifo_1k_9bit_sim_netlist.v", 3195: 

*Error* view CARRY4 is not defined for instance \count_reg[4]_i_1
"/media/cqiu/e/work/prj/AIPrj/sim/sim_fxx/rtl/ipsim/fifo_1k_9bit_sim_netlist.v", 3146: 

*Error* view CARRY4 is not defined for instance \count_reg[8]_i_1
"/media/cqiu/e/work/prj/AIPrj/sim/sim_fxx/rtl/ipsim/fifo_1k_9bit_sim_netlist.v", 3186: 

*Error* view CARRY4 is not defined for instance \count_reg[9]_i_2
"/media/cqiu/e/work/prj/AIPrj/sim/sim_fxx/rtl/ipsim/fifo_1k_9bit_sim_netlist.v", 3202: 

*Error* view LUT1 is not defined for instance \gcc0.gc0.count[0]_i_1
"/media/cqiu/e/work/prj/AIPrj/sim/sim_fxx/rtl/ipsim/fifo_1k_9bit_sim_netlist.v", 3262: 

*Error* view LUT2 is not defined for instance \gcc0.gc0.count[1]_i_1
"/media/cqiu/e/work/prj/AIPrj/sim/sim_fxx/rtl/ipsim/fifo_1k_9bit_sim_netlist.v", 3268: 

*Error* view LUT2 is not defined for instance \gcc0.gc0.count[6]_i_1
"/media/cqiu/e/work/prj/AIPrj/sim/sim_fxx/rtl/ipsim/fifo_1k_9bit_sim_netlist.v", 3312: 

*Error* view LUT3 is not defined for instance \gcc0.gc0.count[2]_i_1
"/media/cqiu/e/work/prj/AIPrj/sim/sim_fxx/rtl/ipsim/fifo_1k_9bit_sim_netlist.v", 3275: 

*Error* view LUT3 is not defined for instance \gcc0.gc0.count[7]_i_1
"/media/cqiu/e/work/prj/AIPrj/sim/sim_fxx/rtl/ipsim/fifo_1k_9bit_sim_netlist.v", 3319: 

*Error* view LUT4 is not defined for instance \gcc0.gc0.count[3]_i_1
"/media/cqiu/e/work/prj/AIPrj/sim/sim_fxx/rtl/ipsim/fifo_1k_9bit_sim_netlist.v", 3283: 

*Error* view LUT4 is not defined for instance \gcc0.gc0.count[8]_i_1
"/media/cqiu/e/work/prj/AIPrj/sim/sim_fxx/rtl/ipsim/fifo_1k_9bit_sim_netlist.v", 3327: 

*Error* view LUT4 is not defined for instance \gmux.gm[0].gm1.m1_i_1
"/media/cqiu/e/work/prj/AIPrj/sim/sim_fxx/rtl/ipsim/fifo_1k_9bit_sim_netlist.v", 3515: 

*Error* view LUT4 is not defined for instance \gmux.gm[0].gm1.m1_i_1__0
"/media/cqiu/e/work/prj/AIPrj/sim/sim_fxx/rtl/ipsim/fifo_1k_9bit_sim_netlist.v", 3523: 

*Error* view LUT4 is not defined for instance \gmux.gm[0].gm1.m1_i_1__1
"/media/cqiu/e/work/prj/AIPrj/sim/sim_fxx/rtl/ipsim/fifo_1k_9bit_sim_netlist.v", 3531: 

*Error* view LUT4 is not defined for instance \gmux.gm[0].gm1.m1_i_1__2
"/media/cqiu/e/work/prj/AIPrj/sim/sim_fxx/rtl/ipsim/fifo_1k_9bit_sim_netlist.v", 3539: 

*Error* view LUT4 is not defined for instance \gmux.gm[1].gms.ms_i_1
"/media/cqiu/e/work/prj/AIPrj/sim/sim_fxx/rtl/ipsim/fifo_1k_9bit_sim_netlist.v", 3547: 

*Error* view LUT4 is not defined for instance \gmux.gm[1].gms.ms_i_1__0
"/media/cqiu/e/work/prj/AIPrj/sim/sim_fxx/rtl/ipsim/fifo_1k_9bit_sim_netlist.v", 3555: 

*Error* view LUT4 is not defined for instance \gmux.gm[1].gms.ms_i_1__1
"/media/cqiu/e/work/prj/AIPrj/sim/sim_fxx/rtl/ipsim/fifo_1k_9bit_sim_netlist.v", 3563: 

*Error* view LUT4 is not defined for instance \gmux.gm[1].gms.ms_i_1__2
"/media/cqiu/e/work/prj/AIPrj/sim/sim_fxx/rtl/ipsim/fifo_1k_9bit_sim_netlist.v", 3571: 

*Error* view LUT4 is not defined for instance \gmux.gm[2].gms.ms_i_1
"/media/cqiu/e/work/prj/AIPrj/sim/sim_fxx/rtl/ipsim/fifo_1k_9bit_sim_netlist.v", 3579: 

*Error* view LUT4 is not defined for instance \gmux.gm[2].gms.ms_i_1__0
"/media/cqiu/e/work/prj/AIPrj/sim/sim_fxx/rtl/ipsim/fifo_1k_9bit_sim_netlist.v", 3587: 

*Error* view LUT4 is not defined for instance \gmux.gm[2].gms.ms_i_1__1
"/media/cqiu/e/work/prj/AIPrj/sim/sim_fxx/rtl/ipsim/fifo_1k_9bit_sim_netlist.v", 3595: 

*Error* view LUT4 is not defined for instance \gmux.gm[2].gms.ms_i_1__2
"/media/cqiu/e/work/prj/AIPrj/sim/sim_fxx/rtl/ipsim/fifo_1k_9bit_sim_netlist.v", 3603: 

*Error* view LUT4 is not defined for instance \gmux.gm[3].gms.ms_i_1
"/media/cqiu/e/work/prj/AIPrj/sim/sim_fxx/rtl/ipsim/fifo_1k_9bit_sim_netlist.v", 3611: 

*Error* view LUT4 is not defined for instance \gmux.gm[3].gms.ms_i_1__0
"/media/cqiu/e/work/prj/AIPrj/sim/sim_fxx/rtl/ipsim/fifo_1k_9bit_sim_netlist.v", 3619: 

*Error* view LUT4 is not defined for instance \gmux.gm[3].gms.ms_i_1__1
"/media/cqiu/e/work/prj/AIPrj/sim/sim_fxx/rtl/ipsim/fifo_1k_9bit_sim_netlist.v", 3627: 

*Error* view LUT4 is not defined for instance \gmux.gm[3].gms.ms_i_1__2
"/media/cqiu/e/work/prj/AIPrj/sim/sim_fxx/rtl/ipsim/fifo_1k_9bit_sim_netlist.v", 3635: 

*Error* view LUT4 is not defined for instance \gmux.gm[4].gms.ms_i_1
"/media/cqiu/e/work/prj/AIPrj/sim/sim_fxx/rtl/ipsim/fifo_1k_9bit_sim_netlist.v", 3643: 

*Error* view LUT4 is not defined for instance \gmux.gm[4].gms.ms_i_1__0
"/media/cqiu/e/work/prj/AIPrj/sim/sim_fxx/rtl/ipsim/fifo_1k_9bit_sim_netlist.v", 3651: 

*Error* view LUT4 is not defined for instance \gmux.gm[4].gms.ms_i_1__1
"/media/cqiu/e/work/prj/AIPrj/sim/sim_fxx/rtl/ipsim/fifo_1k_9bit_sim_netlist.v", 3659: 

*Error* view LUT4 is not defined for instance \gmux.gm[4].gms.ms_i_1__2
"/media/cqiu/e/work/prj/AIPrj/sim/sim_fxx/rtl/ipsim/fifo_1k_9bit_sim_netlist.v", 3667: 

*Error* view LUT5 is not defined for instance \gcc0.gc0.count[4]_i_1
"/media/cqiu/e/work/prj/AIPrj/sim/sim_fxx/rtl/ipsim/fifo_1k_9bit_sim_netlist.v", 3292: 

*Error* view LUT5 is not defined for instance \gcc0.gc0.count[9]_i_1
"/media/cqiu/e/work/prj/AIPrj/sim/sim_fxx/rtl/ipsim/fifo_1k_9bit_sim_netlist.v", 3336: 

*Error* view LUT6 is not defined for instance \gcc0.gc0.count[5]_i_1
"/media/cqiu/e/work/prj/AIPrj/sim/sim_fxx/rtl/ipsim/fifo_1k_9bit_sim_netlist.v", 3301: 

*Error* view LUT6 is not defined for instance \gcc0.gc0.count[9]_i_2
"/media/cqiu/e/work/prj/AIPrj/sim/sim_fxx/rtl/ipsim/fifo_1k_9bit_sim_netlist.v", 3345: 

*Error* view FDRE is not defined for instance \gcc0.gc0.count_d1_reg[0]
"/media/cqiu/e/work/prj/AIPrj/sim/sim_fxx/rtl/ipsim/fifo_1k_9bit_sim_netlist.v", 3355: 

*Error* view FDRE is not defined for instance \gcc0.gc0.count_d1_reg[1]
"/media/cqiu/e/work/prj/AIPrj/sim/sim_fxx/rtl/ipsim/fifo_1k_9bit_sim_netlist.v", 3363: 

*Error* view FDRE is not defined for instance \gcc0.gc0.count_d1_reg[2]
"/media/cqiu/e/work/prj/AIPrj/sim/sim_fxx/rtl/ipsim/fifo_1k_9bit_sim_netlist.v", 3371: 

*Error* view FDRE is not defined for instance \gcc0.gc0.count_d1_reg[3]
"/media/cqiu/e/work/prj/AIPrj/sim/sim_fxx/rtl/ipsim/fifo_1k_9bit_sim_netlist.v", 3379: 

*Error* view FDRE is not defined for instance \gcc0.gc0.count_d1_reg[4]
"/media/cqiu/e/work/prj/AIPrj/sim/sim_fxx/rtl/ipsim/fifo_1k_9bit_sim_netlist.v", 3387: 

*Error* view FDRE is not defined for instance \gcc0.gc0.count_d1_reg[5]
"/media/cqiu/e/work/prj/AIPrj/sim/sim_fxx/rtl/ipsim/fifo_1k_9bit_sim_netlist.v", 3395: 

*Error* view FDRE is not defined for instance \gcc0.gc0.count_d1_reg[6]
"/media/cqiu/e/work/prj/AIPrj/sim/sim_fxx/rtl/ipsim/fifo_1k_9bit_sim_netlist.v", 3403: 

*Error* view FDRE is not defined for instance \gcc0.gc0.count_d1_reg[7]
"/media/cqiu/e/work/prj/AIPrj/sim/sim_fxx/rtl/ipsim/fifo_1k_9bit_sim_netlist.v", 3411: 

*Error* view FDRE is not defined for instance \gcc0.gc0.count_d1_reg[8]
"/media/cqiu/e/work/prj/AIPrj/sim/sim_fxx/rtl/ipsim/fifo_1k_9bit_sim_netlist.v", 3419: 

*Error* view FDRE is not defined for instance \gcc0.gc0.count_d1_reg[9]
"/media/cqiu/e/work/prj/AIPrj/sim/sim_fxx/rtl/ipsim/fifo_1k_9bit_sim_netlist.v", 3427: 

*Error* view FDRE is not defined for instance \gcc0.gc0.count_reg[1]
"/media/cqiu/e/work/prj/AIPrj/sim/sim_fxx/rtl/ipsim/fifo_1k_9bit_sim_netlist.v", 3443: 

*Error* view FDRE is not defined for instance \gcc0.gc0.count_reg[2]
"/media/cqiu/e/work/prj/AIPrj/sim/sim_fxx/rtl/ipsim/fifo_1k_9bit_sim_netlist.v", 3451: 

*Error* view FDRE is not defined for instance \gcc0.gc0.count_reg[3]
"/media/cqiu/e/work/prj/AIPrj/sim/sim_fxx/rtl/ipsim/fifo_1k_9bit_sim_netlist.v", 3459: 

*Error* view FDRE is not defined for instance \gcc0.gc0.count_reg[4]
"/media/cqiu/e/work/prj/AIPrj/sim/sim_fxx/rtl/ipsim/fifo_1k_9bit_sim_netlist.v", 3467: 

*Error* view FDRE is not defined for instance \gcc0.gc0.count_reg[5]
"/media/cqiu/e/work/prj/AIPrj/sim/sim_fxx/rtl/ipsim/fifo_1k_9bit_sim_netlist.v", 3475: 

*Error* view FDRE is not defined for instance \gcc0.gc0.count_reg[6]
"/media/cqiu/e/work/prj/AIPrj/sim/sim_fxx/rtl/ipsim/fifo_1k_9bit_sim_netlist.v", 3483: 

*Error* view FDRE is not defined for instance \gcc0.gc0.count_reg[7]
"/media/cqiu/e/work/prj/AIPrj/sim/sim_fxx/rtl/ipsim/fifo_1k_9bit_sim_netlist.v", 3491: 

*Error* view FDRE is not defined for instance \gcc0.gc0.count_reg[8]
"/media/cqiu/e/work/prj/AIPrj/sim/sim_fxx/rtl/ipsim/fifo_1k_9bit_sim_netlist.v", 3499: 

*Error* view FDRE is not defined for instance \gcc0.gc0.count_reg[9]
"/media/cqiu/e/work/prj/AIPrj/sim/sim_fxx/rtl/ipsim/fifo_1k_9bit_sim_netlist.v", 3507: 

*Error* view FDSE is not defined for instance \gcc0.gc0.count_reg[0]
"/media/cqiu/e/work/prj/AIPrj/sim/sim_fxx/rtl/ipsim/fifo_1k_9bit_sim_netlist.v", 3435: 

*Error* view LUT2 is not defined for instance \DEVICE_7SERIES.NO_BMM_INFO.SDP.SIMPLE_PRIM18.ram_i_1
"/media/cqiu/e/work/prj/AIPrj/sim/sim_fxx/rtl/ipsim/fifo_1k_9bit_sim_netlist.v", 3802: 

*Error* view LUT1 is not defined for instance i_0
"/media/cqiu/e/work/prj/AIPrj/sim/sim_fxx/rtl/ipsim/fifo_1k_9bit_sim_netlist.v", 3819: 

*Error* view LUT1 is not defined for instance i_1
"/media/cqiu/e/work/prj/AIPrj/sim/sim_fxx/rtl/ipsim/fifo_1k_9bit_sim_netlist.v", 3824: 

*Error* view FDRE is not defined for instance ram_full_fb_i_reg
"/media/cqiu/e/work/prj/AIPrj/sim/sim_fxx/rtl/ipsim/fifo_1k_9bit_sim_netlist.v", 3832: 

*Error* view FDRE is not defined for instance ram_full_i_reg
"/media/cqiu/e/work/prj/AIPrj/sim/sim_fxx/rtl/ipsim/fifo_1k_9bit_sim_netlist.v", 3843: 

*Error* view LUT3 is not defined for instance \dout[10]_INST_0
"/media/cqiu/e/work/prj/AIPrj/sim/sim_fxx/rtl/ipsim/fifo_8k_14bit_sim_netlist.v", 748: 

*Error* view LUT3 is not defined for instance \dout[11]_INST_0
"/media/cqiu/e/work/prj/AIPrj/sim/sim_fxx/rtl/ipsim/fifo_8k_14bit_sim_netlist.v", 756: 

*Error* view LUT3 is not defined for instance \dout[12]_INST_0
"/media/cqiu/e/work/prj/AIPrj/sim/sim_fxx/rtl/ipsim/fifo_8k_14bit_sim_netlist.v", 764: 

*Error* view LUT3 is not defined for instance \dout[13]_INST_0
"/media/cqiu/e/work/prj/AIPrj/sim/sim_fxx/rtl/ipsim/fifo_8k_14bit_sim_netlist.v", 772: 

*Error* view LUT3 is not defined for instance \dout[6]_INST_0
"/media/cqiu/e/work/prj/AIPrj/sim/sim_fxx/rtl/ipsim/fifo_8k_14bit_sim_netlist.v", 780: 

*Error* view LUT3 is not defined for instance \dout[7]_INST_0
"/media/cqiu/e/work/prj/AIPrj/sim/sim_fxx/rtl/ipsim/fifo_8k_14bit_sim_netlist.v", 788: 

*Error* view LUT3 is not defined for instance \dout[8]_INST_0
"/media/cqiu/e/work/prj/AIPrj/sim/sim_fxx/rtl/ipsim/fifo_8k_14bit_sim_netlist.v", 796: 

*Error* view LUT3 is not defined for instance \dout[9]_INST_0
"/media/cqiu/e/work/prj/AIPrj/sim/sim_fxx/rtl/ipsim/fifo_8k_14bit_sim_netlist.v", 804: 

*Error* view FDRE is not defined for instance \no_softecc_sel_reg.ce_pri.sel_pipe_reg[0]
"/media/cqiu/e/work/prj/AIPrj/sim/sim_fxx/rtl/ipsim/fifo_8k_14bit_sim_netlist.v", 811: 

*Error* view RAMB18E1 is not defined for instance \DEVICE_7SERIES.NO_BMM_INFO.SDP.SIMPLE_PRIM18.ram
"/media/cqiu/e/work/prj/AIPrj/sim/sim_fxx/rtl/ipsim/fifo_8k_14bit_sim_netlist.v", 1127: 

*Error* view RAMB36E1 is not defined for instance \DEVICE_7SERIES.NO_BMM_INFO.SDP.SIMPLE_PRIM36.ram
"/media/cqiu/e/work/prj/AIPrj/sim/sim_fxx/rtl/ipsim/fifo_8k_14bit_sim_netlist.v", 1370: 

*Error* view RAMB36E1 is not defined for instance \DEVICE_7SERIES.NO_BMM_INFO.SDP.SIMPLE_PRIM36.ram
"/media/cqiu/e/work/prj/AIPrj/sim/sim_fxx/rtl/ipsim/fifo_8k_14bit_sim_netlist.v", 1624: 

*Error* view RAMB36E1 is not defined for instance \DEVICE_7SERIES.NO_BMM_INFO.SDP.SIMPLE_PRIM36.ram
"/media/cqiu/e/work/prj/AIPrj/sim/sim_fxx/rtl/ipsim/fifo_8k_14bit_sim_netlist.v", 1878: 

*Error* view CARRY4 is not defined for instance \gmux.gm[0].gm1.m1_CARRY4
"/media/cqiu/e/work/prj/AIPrj/sim/sim_fxx/rtl/ipsim/fifo_8k_14bit_sim_netlist.v", 2140: 

*Error* view CARRY4 is not defined for instance \gmux.gm[4].gms.ms_CARRY4
"/media/cqiu/e/work/prj/AIPrj/sim/sim_fxx/rtl/ipsim/fifo_8k_14bit_sim_netlist.v", 2149: 

*Error* view CARRY4 is not defined for instance \gmux.gm[0].gm1.m1_CARRY4
"/media/cqiu/e/work/prj/AIPrj/sim/sim_fxx/rtl/ipsim/fifo_8k_14bit_sim_netlist.v", 2202: 

*Error* view CARRY4 is not defined for instance \gmux.gm[4].gms.ms_CARRY4
"/media/cqiu/e/work/prj/AIPrj/sim/sim_fxx/rtl/ipsim/fifo_8k_14bit_sim_netlist.v", 2211: 

*Error* view LUT6 is not defined for instance ram_full_fb_i_i_1
"/media/cqiu/e/work/prj/AIPrj/sim/sim_fxx/rtl/ipsim/fifo_8k_14bit_sim_netlist.v", 2220: 

*Error* view LUT6 is not defined for instance \gaf.gaf0.ram_afull_i_i_1
"/media/cqiu/e/work/prj/AIPrj/sim/sim_fxx/rtl/ipsim/fifo_8k_14bit_sim_netlist.v", 2272: 

*Error* view CARRY4 is not defined for instance \gmux.gm[0].gm1.m1_CARRY4
"/media/cqiu/e/work/prj/AIPrj/sim/sim_fxx/rtl/ipsim/fifo_8k_14bit_sim_netlist.v", 2282: 

*Error* view CARRY4 is not defined for instance \gmux.gm[4].gms.ms_CARRY4
"/media/cqiu/e/work/prj/AIPrj/sim/sim_fxx/rtl/ipsim/fifo_8k_14bit_sim_netlist.v", 2291: 

*Error* view CARRY4 is not defined for instance \gmux.gm[0].gm1.m1_CARRY4
"/media/cqiu/e/work/prj/AIPrj/sim/sim_fxx/rtl/ipsim/fifo_8k_14bit_sim_netlist.v", 2341: 

*Error* view CARRY4 is not defined for instance \gmux.gm[4].gms.ms_CARRY4
"/media/cqiu/e/work/prj/AIPrj/sim/sim_fxx/rtl/ipsim/fifo_8k_14bit_sim_netlist.v", 2350: 

*Error* view CARRY4 is not defined for instance \gmux.gm[0].gm1.m1_CARRY4
"/media/cqiu/e/work/prj/AIPrj/sim/sim_fxx/rtl/ipsim/fifo_8k_14bit_sim_netlist.v", 2403: 

*Error* view CARRY4 is not defined for instance \gmux.gm[4].gms.ms_CARRY4
"/media/cqiu/e/work/prj/AIPrj/sim/sim_fxx/rtl/ipsim/fifo_8k_14bit_sim_netlist.v", 2412: 

*Error* view LUT6 is not defined for instance ram_empty_fb_i_i_1
"/media/cqiu/e/work/prj/AIPrj/sim/sim_fxx/rtl/ipsim/fifo_8k_14bit_sim_netlist.v", 2421: 

*Error* view LUT6 is not defined for instance \gae.ram_aempty_i_i_1
"/media/cqiu/e/work/prj/AIPrj/sim/sim_fxx/rtl/ipsim/fifo_8k_14bit_sim_netlist.v", 2473: 

*Error* view CARRY4 is not defined for instance \gmux.gm[0].gm1.m1_CARRY4
"/media/cqiu/e/work/prj/AIPrj/sim/sim_fxx/rtl/ipsim/fifo_8k_14bit_sim_netlist.v", 2483: 

*Error* view CARRY4 is not defined for instance \gmux.gm[4].gms.ms_CARRY4
"/media/cqiu/e/work/prj/AIPrj/sim/sim_fxx/rtl/ipsim/fifo_8k_14bit_sim_netlist.v", 2492: 

*Error* view GND is not defined for instance GND
"/media/cqiu/e/work/prj/AIPrj/sim/sim_fxx/rtl/ipsim/fifo_8k_14bit_sim_netlist.v", 3802: 

*Error* view VCC is not defined for instance VCC
"/media/cqiu/e/work/prj/AIPrj/sim/sim_fxx/rtl/ipsim/fifo_8k_14bit_sim_netlist.v", 3804: 

*Error* view LUT4 is not defined for instance \DEVICE_7SERIES.NO_BMM_INFO.SDP.SIMPLE_PRIM36.ram_i_2
"/media/cqiu/e/work/prj/AIPrj/sim/sim_fxx/rtl/ipsim/fifo_8k_14bit_sim_netlist.v", 4034: 

*Error* view LUT1 is not defined for instance \gc1.count[0]_i_2
"/media/cqiu/e/work/prj/AIPrj/sim/sim_fxx/rtl/ipsim/fifo_8k_14bit_sim_netlist.v", 4042: 

*Error* view FDSE is not defined for instance \gc1.count_d1_reg[0]
"/media/cqiu/e/work/prj/AIPrj/sim/sim_fxx/rtl/ipsim/fifo_8k_14bit_sim_netlist.v", 4047: 

*Error* view FDSE is not defined for instance \gc1.count_reg[1]
"/media/cqiu/e/work/prj/AIPrj/sim/sim_fxx/rtl/ipsim/fifo_8k_14bit_sim_netlist.v", 4301: 

*Error* view FDRE is not defined for instance \gc1.count_d1_reg[10]
"/media/cqiu/e/work/prj/AIPrj/sim/sim_fxx/rtl/ipsim/fifo_8k_14bit_sim_netlist.v", 4055: 

*Error* view FDRE is not defined for instance \gc1.count_d1_reg[11]
"/media/cqiu/e/work/prj/AIPrj/sim/sim_fxx/rtl/ipsim/fifo_8k_14bit_sim_netlist.v", 4063: 

*Error* view FDRE is not defined for instance \gc1.count_d1_reg[12]
"/media/cqiu/e/work/prj/AIPrj/sim/sim_fxx/rtl/ipsim/fifo_8k_14bit_sim_netlist.v", 4071: 

*Error* view FDRE is not defined for instance \gc1.count_d1_reg[1]
"/media/cqiu/e/work/prj/AIPrj/sim/sim_fxx/rtl/ipsim/fifo_8k_14bit_sim_netlist.v", 4079: 

*Error* view FDRE is not defined for instance \gc1.count_d1_reg[2]
"/media/cqiu/e/work/prj/AIPrj/sim/sim_fxx/rtl/ipsim/fifo_8k_14bit_sim_netlist.v", 4087: 

*Error* view FDRE is not defined for instance \gc1.count_d1_reg[3]
"/media/cqiu/e/work/prj/AIPrj/sim/sim_fxx/rtl/ipsim/fifo_8k_14bit_sim_netlist.v", 4095: 

*Error* view FDRE is not defined for instance \gc1.count_d1_reg[4]
"/media/cqiu/e/work/prj/AIPrj/sim/sim_fxx/rtl/ipsim/fifo_8k_14bit_sim_netlist.v", 4103: 

*Error* view FDRE is not defined for instance \gc1.count_d1_reg[5]
"/media/cqiu/e/work/prj/AIPrj/sim/sim_fxx/rtl/ipsim/fifo_8k_14bit_sim_netlist.v", 4111: 

*Error* view FDRE is not defined for instance \gc1.count_d1_reg[6]
"/media/cqiu/e/work/prj/AIPrj/sim/sim_fxx/rtl/ipsim/fifo_8k_14bit_sim_netlist.v", 4119: 

*Error* view FDRE is not defined for instance \gc1.count_d1_reg[7]
"/media/cqiu/e/work/prj/AIPrj/sim/sim_fxx/rtl/ipsim/fifo_8k_14bit_sim_netlist.v", 4127: 

*Error* view FDRE is not defined for instance \gc1.count_d1_reg[8]
"/media/cqiu/e/work/prj/AIPrj/sim/sim_fxx/rtl/ipsim/fifo_8k_14bit_sim_netlist.v", 4135: 

*Error* view FDRE is not defined for instance \gc1.count_d1_reg[9]
"/media/cqiu/e/work/prj/AIPrj/sim/sim_fxx/rtl/ipsim/fifo_8k_14bit_sim_netlist.v", 4143: 

*Error* view FDRE is not defined for instance \gc1.count_d2_reg[0]
"/media/cqiu/e/work/prj/AIPrj/sim/sim_fxx/rtl/ipsim/fifo_8k_14bit_sim_netlist.v", 4151: 

*Error* view FDRE is not defined for instance \gc1.count_d2_reg[10]
"/media/cqiu/e/work/prj/AIPrj/sim/sim_fxx/rtl/ipsim/fifo_8k_14bit_sim_netlist.v", 4159: 

*Error* view FDRE is not defined for instance \gc1.count_d2_reg[11]
"/media/cqiu/e/work/prj/AIPrj/sim/sim_fxx/rtl/ipsim/fifo_8k_14bit_sim_netlist.v", 4167: 

*Error* view FDRE is not defined for instance \gc1.count_d2_reg[12]
"/media/cqiu/e/work/prj/AIPrj/sim/sim_fxx/rtl/ipsim/fifo_8k_14bit_sim_netlist.v", 4175: 

*Error* view FDRE is not defined for instance \gc1.count_d2_reg[1]
"/media/cqiu/e/work/prj/AIPrj/sim/sim_fxx/rtl/ipsim/fifo_8k_14bit_sim_netlist.v", 4183: 

*Error* view FDRE is not defined for instance \gc1.count_d2_reg[2]
"/media/cqiu/e/work/prj/AIPrj/sim/sim_fxx/rtl/ipsim/fifo_8k_14bit_sim_netlist.v", 4191: 

*Error* view FDRE is not defined for instance \gc1.count_d2_reg[3]
"/media/cqiu/e/work/prj/AIPrj/sim/sim_fxx/rtl/ipsim/fifo_8k_14bit_sim_netlist.v", 4199: 

*Error* view FDRE is not defined for instance \gc1.count_d2_reg[4]
"/media/cqiu/e/work/prj/AIPrj/sim/sim_fxx/rtl/ipsim/fifo_8k_14bit_sim_netlist.v", 4207: 

*Error* view FDRE is not defined for instance \gc1.count_d2_reg[5]
"/media/cqiu/e/work/prj/AIPrj/sim/sim_fxx/rtl/ipsim/fifo_8k_14bit_sim_netlist.v", 4215: 

*Error* view FDRE is not defined for instance \gc1.count_d2_reg[6]
"/media/cqiu/e/work/prj/AIPrj/sim/sim_fxx/rtl/ipsim/fifo_8k_14bit_sim_netlist.v", 4223: 

*Error* view FDRE is not defined for instance \gc1.count_d2_reg[7]
"/media/cqiu/e/work/prj/AIPrj/sim/sim_fxx/rtl/ipsim/fifo_8k_14bit_sim_netlist.v", 4231: 

*Error* view FDRE is not defined for instance \gc1.count_d2_reg[8]
"/media/cqiu/e/work/prj/AIPrj/sim/sim_fxx/rtl/ipsim/fifo_8k_14bit_sim_netlist.v", 4239: 

*Error* view FDRE is not defined for instance \gc1.count_d2_reg[9]
"/media/cqiu/e/work/prj/AIPrj/sim/sim_fxx/rtl/ipsim/fifo_8k_14bit_sim_netlist.v", 4247: 

*Error* view FDRE is not defined for instance \gc1.count_reg[0]
"/media/cqiu/e/work/prj/AIPrj/sim/sim_fxx/rtl/ipsim/fifo_8k_14bit_sim_netlist.v", 4255: 

*Error* view FDRE is not defined for instance \gc1.count_reg[10]
"/media/cqiu/e/work/prj/AIPrj/sim/sim_fxx/rtl/ipsim/fifo_8k_14bit_sim_netlist.v", 4270: 

*Error* view FDRE is not defined for instance \gc1.count_reg[11]
"/media/cqiu/e/work/prj/AIPrj/sim/sim_fxx/rtl/ipsim/fifo_8k_14bit_sim_netlist.v", 4278: 

*Error* view FDRE is not defined for instance \gc1.count_reg[12]
"/media/cqiu/e/work/prj/AIPrj/sim/sim_fxx/rtl/ipsim/fifo_8k_14bit_sim_netlist.v", 4286: 

*Error* view FDRE is not defined for instance \gc1.count_reg[2]
"/media/cqiu/e/work/prj/AIPrj/sim/sim_fxx/rtl/ipsim/fifo_8k_14bit_sim_netlist.v", 4309: 

*Error* view FDRE is not defined for instance \gc1.count_reg[3]
"/media/cqiu/e/work/prj/AIPrj/sim/sim_fxx/rtl/ipsim/fifo_8k_14bit_sim_netlist.v", 4317: 

*Error* view FDRE is not defined for instance \gc1.count_reg[4]
"/media/cqiu/e/work/prj/AIPrj/sim/sim_fxx/rtl/ipsim/fifo_8k_14bit_sim_netlist.v", 4325: 

*Error* view FDRE is not defined for instance \gc1.count_reg[5]
"/media/cqiu/e/work/prj/AIPrj/sim/sim_fxx/rtl/ipsim/fifo_8k_14bit_sim_netlist.v", 4340: 

*Error* view FDRE is not defined for instance \gc1.count_reg[6]
"/media/cqiu/e/work/prj/AIPrj/sim/sim_fxx/rtl/ipsim/fifo_8k_14bit_sim_netlist.v", 4348: 

*Error* view FDRE is not defined for instance \gc1.count_reg[7]
"/media/cqiu/e/work/prj/AIPrj/sim/sim_fxx/rtl/ipsim/fifo_8k_14bit_sim_netlist.v", 4356: 

*Error* view FDRE is not defined for instance \gc1.count_reg[8]
"/media/cqiu/e/work/prj/AIPrj/sim/sim_fxx/rtl/ipsim/fifo_8k_14bit_sim_netlist.v", 4364: 

*Error* view FDRE is not defined for instance \gc1.count_reg[9]
"/media/cqiu/e/work/prj/AIPrj/sim/sim_fxx/rtl/ipsim/fifo_8k_14bit_sim_netlist.v", 4379: 

*Error* view CARRY4 is not defined for instance \gc1.count_reg[0]_i_1
"/media/cqiu/e/work/prj/AIPrj/sim/sim_fxx/rtl/ipsim/fifo_8k_14bit_sim_netlist.v", 4261: 

*Error* view CARRY4 is not defined for instance \gc1.count_reg[12]_i_1
"/media/cqiu/e/work/prj/AIPrj/sim/sim_fxx/rtl/ipsim/fifo_8k_14bit_sim_netlist.v", 4292: 

*Error* view CARRY4 is not defined for instance \gc1.count_reg[4]_i_1
"/media/cqiu/e/work/prj/AIPrj/sim/sim_fxx/rtl/ipsim/fifo_8k_14bit_sim_netlist.v", 4331: 

*Error* view CARRY4 is not defined for instance \gc1.count_reg[8]_i_1
"/media/cqiu/e/work/prj/AIPrj/sim/sim_fxx/rtl/ipsim/fifo_8k_14bit_sim_netlist.v", 4370: 

*Error* view LUT2 is not defined for instance \gmux.gm[6].gms.ms_i_1
"/media/cqiu/e/work/prj/AIPrj/sim/sim_fxx/rtl/ipsim/fifo_8k_14bit_sim_netlist.v", 4387: 

*Error* view LUT2 is not defined for instance \gmux.gm[6].gms.ms_i_1__0
"/media/cqiu/e/work/prj/AIPrj/sim/sim_fxx/rtl/ipsim/fifo_8k_14bit_sim_netlist.v", 4393: 

*Error* view LUT2 is not defined for instance \gmux.gm[6].gms.ms_i_1__1
"/media/cqiu/e/work/prj/AIPrj/sim/sim_fxx/rtl/ipsim/fifo_8k_14bit_sim_netlist.v", 4399: 

*Error* view LUT2 is not defined for instance \gmux.gm[6].gms.ms_i_1__2
"/media/cqiu/e/work/prj/AIPrj/sim/sim_fxx/rtl/ipsim/fifo_8k_14bit_sim_netlist.v", 4405: 

*Error* view LUT2 is not defined for instance \gmux.gm[6].gms.ms_i_1__3
"/media/cqiu/e/work/prj/AIPrj/sim/sim_fxx/rtl/ipsim/fifo_8k_14bit_sim_netlist.v", 4411: 

*Error* view LUT2 is not defined for instance \gmux.gm[6].gms.ms_i_1__4
"/media/cqiu/e/work/prj/AIPrj/sim/sim_fxx/rtl/ipsim/fifo_8k_14bit_sim_netlist.v", 4417: 

*Error* view LUT5 is not defined for instance \no_softecc_sel_reg.ce_pri.sel_pipe[0]_i_1
"/media/cqiu/e/work/prj/AIPrj/sim/sim_fxx/rtl/ipsim/fifo_8k_14bit_sim_netlist.v", 4423: 

*Error* view LUT3 is not defined for instance \DEVICE_7SERIES.NO_BMM_INFO.SDP.SIMPLE_PRIM36.ram_i_2__0
"/media/cqiu/e/work/prj/AIPrj/sim/sim_fxx/rtl/ipsim/fifo_8k_14bit_sim_netlist.v", 4743: 

*Error* view LUT3 is not defined for instance \count[11]_i_2
"/media/cqiu/e/work/prj/AIPrj/sim/sim_fxx/rtl/ipsim/fifo_8k_14bit_sim_netlist.v", 4777: 

*Error* view LUT3 is not defined for instance \count[11]_i_3
"/media/cqiu/e/work/prj/AIPrj/sim/sim_fxx/rtl/ipsim/fifo_8k_14bit_sim_netlist.v", 4784: 

*Error* view LUT3 is not defined for instance \count[11]_i_4
"/media/cqiu/e/work/prj/AIPrj/sim/sim_fxx/rtl/ipsim/fifo_8k_14bit_sim_netlist.v", 4791: 

*Error* view LUT3 is not defined for instance \count[11]_i_5
"/media/cqiu/e/work/prj/AIPrj/sim/sim_fxx/rtl/ipsim/fifo_8k_14bit_sim_netlist.v", 4798: 

*Error* view LUT3 is not defined for instance \count[12]_i_3
"/media/cqiu/e/work/prj/AIPrj/sim/sim_fxx/rtl/ipsim/fifo_8k_14bit_sim_netlist.v", 4813: 

*Error* view LUT3 is not defined for instance \count[3]_i_3
"/media/cqiu/e/work/prj/AIPrj/sim/sim_fxx/rtl/ipsim/fifo_8k_14bit_sim_netlist.v", 4826: 

*Error* view LUT3 is not defined for instance \count[3]_i_4
"/media/cqiu/e/work/prj/AIPrj/sim/sim_fxx/rtl/ipsim/fifo_8k_14bit_sim_netlist.v", 4833: 

*Error* view LUT3 is not defined for instance \count[3]_i_5
"/media/cqiu/e/work/prj/AIPrj/sim/sim_fxx/rtl/ipsim/fifo_8k_14bit_sim_netlist.v", 4840: 

*Error* view LUT3 is not defined for instance \count[3]_i_6
"/media/cqiu/e/work/prj/AIPrj/sim/sim_fxx/rtl/ipsim/fifo_8k_14bit_sim_netlist.v", 4847: 

*Error* view LUT3 is not defined for instance \count[7]_i_2
"/media/cqiu/e/work/prj/AIPrj/sim/sim_fxx/rtl/ipsim/fifo_8k_14bit_sim_netlist.v", 4854: 

*Error* view LUT3 is not defined for instance \count[7]_i_3
"/media/cqiu/e/work/prj/AIPrj/sim/sim_fxx/rtl/ipsim/fifo_8k_14bit_sim_netlist.v", 4861: 

*Error* view LUT3 is not defined for instance \count[7]_i_4
"/media/cqiu/e/work/prj/AIPrj/sim/sim_fxx/rtl/ipsim/fifo_8k_14bit_sim_netlist.v", 4868: 

*Error* view LUT3 is not defined for instance \count[7]_i_5
"/media/cqiu/e/work/prj/AIPrj/sim/sim_fxx/rtl/ipsim/fifo_8k_14bit_sim_netlist.v", 4875: 

*Error* view LUT4 is not defined for instance \DEVICE_7SERIES.NO_BMM_INFO.SDP.SIMPLE_PRIM36.ram_i_2__1
"/media/cqiu/e/work/prj/AIPrj/sim/sim_fxx/rtl/ipsim/fifo_8k_14bit_sim_netlist.v", 4750: 

*Error* view LUT4 is not defined for instance \count[12]_i_1
"/media/cqiu/e/work/prj/AIPrj/sim/sim_fxx/rtl/ipsim/fifo_8k_14bit_sim_netlist.v", 4805: 

*Error* view LUT2 is not defined for instance \count[3]_i_2
"/media/cqiu/e/work/prj/AIPrj/sim/sim_fxx/rtl/ipsim/fifo_8k_14bit_sim_netlist.v", 4820: 

*Error* view LUT2 is not defined for instance \gc1.count_d1[12]_i_1
"/media/cqiu/e/work/prj/AIPrj/sim/sim_fxx/rtl/ipsim/fifo_8k_14bit_sim_netlist.v", 4927: 

*Error* view CARRY4 is not defined for instance \count_reg[11]_i_1
"/media/cqiu/e/work/prj/AIPrj/sim/sim_fxx/rtl/ipsim/fifo_8k_14bit_sim_netlist.v", 4880: 

*Error* view CARRY4 is not defined for instance \count_reg[12]_i_2
"/media/cqiu/e/work/prj/AIPrj/sim/sim_fxx/rtl/ipsim/fifo_8k_14bit_sim_netlist.v", 4887: 

*Error* view CARRY4 is not defined for instance \count_reg[3]_i_1
"/media/cqiu/e/work/prj/AIPrj/sim/sim_fxx/rtl/ipsim/fifo_8k_14bit_sim_netlist.v", 4894: 

*Error* view CARRY4 is not defined for instance \count_reg[7]_i_1
"/media/cqiu/e/work/prj/AIPrj/sim/sim_fxx/rtl/ipsim/fifo_8k_14bit_sim_netlist.v", 4901: 

*Error* view FDSE is not defined for instance \gae.ram_aempty_i_reg
"/media/cqiu/e/work/prj/AIPrj/sim/sim_fxx/rtl/ipsim/fifo_8k_14bit_sim_netlist.v", 4919: 

*Error* view FDSE is not defined for instance ram_empty_fb_i_reg
"/media/cqiu/e/work/prj/AIPrj/sim/sim_fxx/rtl/ipsim/fifo_8k_14bit_sim_netlist.v", 4936: 

*Error* view FDSE is not defined for instance ram_empty_i_reg
"/media/cqiu/e/work/prj/AIPrj/sim/sim_fxx/rtl/ipsim/fifo_8k_14bit_sim_netlist.v", 4947: 

*Error* view FDRE is not defined for instance \count_reg[0]
"/media/cqiu/e/work/prj/AIPrj/sim/sim_fxx/rtl/ipsim/fifo_8k_14bit_sim_netlist.v", 4985: 

*Error* view FDRE is not defined for instance \count_reg[10]
"/media/cqiu/e/work/prj/AIPrj/sim/sim_fxx/rtl/ipsim/fifo_8k_14bit_sim_netlist.v", 4993: 

*Error* view FDRE is not defined for instance \count_reg[11]
"/media/cqiu/e/work/prj/AIPrj/sim/sim_fxx/rtl/ipsim/fifo_8k_14bit_sim_netlist.v", 5001: 

*Error* view FDRE is not defined for instance \count_reg[12]
"/media/cqiu/e/work/prj/AIPrj/sim/sim_fxx/rtl/ipsim/fifo_8k_14bit_sim_netlist.v", 5009: 

*Error* view FDRE is not defined for instance \count_reg[1]
"/media/cqiu/e/work/prj/AIPrj/sim/sim_fxx/rtl/ipsim/fifo_8k_14bit_sim_netlist.v", 5017: 

*Error* view FDRE is not defined for instance \count_reg[2]
"/media/cqiu/e/work/prj/AIPrj/sim/sim_fxx/rtl/ipsim/fifo_8k_14bit_sim_netlist.v", 5025: 

*Error* view FDRE is not defined for instance \count_reg[3]
"/media/cqiu/e/work/prj/AIPrj/sim/sim_fxx/rtl/ipsim/fifo_8k_14bit_sim_netlist.v", 5033: 

*Error* view FDRE is not defined for instance \count_reg[4]
"/media/cqiu/e/work/prj/AIPrj/sim/sim_fxx/rtl/ipsim/fifo_8k_14bit_sim_netlist.v", 5041: 

*Error* view FDRE is not defined for instance \count_reg[5]
"/media/cqiu/e/work/prj/AIPrj/sim/sim_fxx/rtl/ipsim/fifo_8k_14bit_sim_netlist.v", 5049: 

*Error* view FDRE is not defined for instance \count_reg[6]
"/media/cqiu/e/work/prj/AIPrj/sim/sim_fxx/rtl/ipsim/fifo_8k_14bit_sim_netlist.v", 5057: 

*Error* view FDRE is not defined for instance \count_reg[7]
"/media/cqiu/e/work/prj/AIPrj/sim/sim_fxx/rtl/ipsim/fifo_8k_14bit_sim_netlist.v", 5065: 

*Error* view FDRE is not defined for instance \count_reg[8]
"/media/cqiu/e/work/prj/AIPrj/sim/sim_fxx/rtl/ipsim/fifo_8k_14bit_sim_netlist.v", 5073: 

*Error* view FDRE is not defined for instance \count_reg[9]
"/media/cqiu/e/work/prj/AIPrj/sim/sim_fxx/rtl/ipsim/fifo_8k_14bit_sim_netlist.v", 5081: 

*Error* view LUT3 is not defined for instance \DEVICE_7SERIES.NO_BMM_INFO.SDP.SIMPLE_PRIM36.ram_i_1
"/media/cqiu/e/work/prj/AIPrj/sim/sim_fxx/rtl/ipsim/fifo_8k_14bit_sim_netlist.v", 5194: 

*Error* view LUT1 is not defined for instance \gcc0.gc1.gsym.count[0]_i_2
"/media/cqiu/e/work/prj/AIPrj/sim/sim_fxx/rtl/ipsim/fifo_8k_14bit_sim_netlist.v", 5201: 

*Error* view FDSE is not defined for instance \gcc0.gc1.gsym.count_d1_reg[0]
"/media/cqiu/e/work/prj/AIPrj/sim/sim_fxx/rtl/ipsim/fifo_8k_14bit_sim_netlist.v", 5206: 

*Error* view FDSE is not defined for instance \gcc0.gc1.gsym.count_reg[1]
"/media/cqiu/e/work/prj/AIPrj/sim/sim_fxx/rtl/ipsim/fifo_8k_14bit_sim_netlist.v", 5460: 

*Error* view FDRE is not defined for instance \gcc0.gc1.gsym.count_d1_reg[10]
"/media/cqiu/e/work/prj/AIPrj/sim/sim_fxx/rtl/ipsim/fifo_8k_14bit_sim_netlist.v", 5214: 

*Error* view FDRE is not defined for instance \gcc0.gc1.gsym.count_d1_reg[11]
"/media/cqiu/e/work/prj/AIPrj/sim/sim_fxx/rtl/ipsim/fifo_8k_14bit_sim_netlist.v", 5222: 

*Error* view FDRE is not defined for instance \gcc0.gc1.gsym.count_d1_reg[12]
"/media/cqiu/e/work/prj/AIPrj/sim/sim_fxx/rtl/ipsim/fifo_8k_14bit_sim_netlist.v", 5230: 

*Error* view FDRE is not defined for instance \gcc0.gc1.gsym.count_d1_reg[1]
"/media/cqiu/e/work/prj/AIPrj/sim/sim_fxx/rtl/ipsim/fifo_8k_14bit_sim_netlist.v", 5238: 

*Error* view FDRE is not defined for instance \gcc0.gc1.gsym.count_d1_reg[2]
"/media/cqiu/e/work/prj/AIPrj/sim/sim_fxx/rtl/ipsim/fifo_8k_14bit_sim_netlist.v", 5246: 

*Error* view FDRE is not defined for instance \gcc0.gc1.gsym.count_d1_reg[3]
"/media/cqiu/e/work/prj/AIPrj/sim/sim_fxx/rtl/ipsim/fifo_8k_14bit_sim_netlist.v", 5254: 

*Error* view FDRE is not defined for instance \gcc0.gc1.gsym.count_d1_reg[4]
"/media/cqiu/e/work/prj/AIPrj/sim/sim_fxx/rtl/ipsim/fifo_8k_14bit_sim_netlist.v", 5262: 

*Error* view FDRE is not defined for instance \gcc0.gc1.gsym.count_d1_reg[5]
"/media/cqiu/e/work/prj/AIPrj/sim/sim_fxx/rtl/ipsim/fifo_8k_14bit_sim_netlist.v", 5270: 

*Error* view FDRE is not defined for instance \gcc0.gc1.gsym.count_d1_reg[6]
"/media/cqiu/e/work/prj/AIPrj/sim/sim_fxx/rtl/ipsim/fifo_8k_14bit_sim_netlist.v", 5278: 

*Error* view FDRE is not defined for instance \gcc0.gc1.gsym.count_d1_reg[7]
"/media/cqiu/e/work/prj/AIPrj/sim/sim_fxx/rtl/ipsim/fifo_8k_14bit_sim_netlist.v", 5286: 

*Error* view FDRE is not defined for instance \gcc0.gc1.gsym.count_d1_reg[8]
"/media/cqiu/e/work/prj/AIPrj/sim/sim_fxx/rtl/ipsim/fifo_8k_14bit_sim_netlist.v", 5294: 

*Error* view FDRE is not defined for instance \gcc0.gc1.gsym.count_d1_reg[9]
"/media/cqiu/e/work/prj/AIPrj/sim/sim_fxx/rtl/ipsim/fifo_8k_14bit_sim_netlist.v", 5302: 

*Error* view FDRE is not defined for instance \gcc0.gc1.gsym.count_d2_reg[0]
"/media/cqiu/e/work/prj/AIPrj/sim/sim_fxx/rtl/ipsim/fifo_8k_14bit_sim_netlist.v", 5310: 

*Error* view FDRE is not defined for instance \gcc0.gc1.gsym.count_d2_reg[10]
"/media/cqiu/e/work/prj/AIPrj/sim/sim_fxx/rtl/ipsim/fifo_8k_14bit_sim_netlist.v", 5318: 

*Error* view FDRE is not defined for instance \gcc0.gc1.gsym.count_d2_reg[11]
"/media/cqiu/e/work/prj/AIPrj/sim/sim_fxx/rtl/ipsim/fifo_8k_14bit_sim_netlist.v", 5326: 

*Error* view FDRE is not defined for instance \gcc0.gc1.gsym.count_d2_reg[12]
"/media/cqiu/e/work/prj/AIPrj/sim/sim_fxx/rtl/ipsim/fifo_8k_14bit_sim_netlist.v", 5334: 

*Error* view FDRE is not defined for instance \gcc0.gc1.gsym.count_d2_reg[1]
"/media/cqiu/e/work/prj/AIPrj/sim/sim_fxx/rtl/ipsim/fifo_8k_14bit_sim_netlist.v", 5342: 

*Error* view FDRE is not defined for instance \gcc0.gc1.gsym.count_d2_reg[2]
"/media/cqiu/e/work/prj/AIPrj/sim/sim_fxx/rtl/ipsim/fifo_8k_14bit_sim_netlist.v", 5350: 

*Error* view FDRE is not defined for instance \gcc0.gc1.gsym.count_d2_reg[3]
"/media/cqiu/e/work/prj/AIPrj/sim/sim_fxx/rtl/ipsim/fifo_8k_14bit_sim_netlist.v", 5358: 

*Error* view FDRE is not defined for instance \gcc0.gc1.gsym.count_d2_reg[4]
"/media/cqiu/e/work/prj/AIPrj/sim/sim_fxx/rtl/ipsim/fifo_8k_14bit_sim_netlist.v", 5366: 

*Error* view FDRE is not defined for instance \gcc0.gc1.gsym.count_d2_reg[5]
"/media/cqiu/e/work/prj/AIPrj/sim/sim_fxx/rtl/ipsim/fifo_8k_14bit_sim_netlist.v", 5374: 

*Error* view FDRE is not defined for instance \gcc0.gc1.gsym.count_d2_reg[6]
"/media/cqiu/e/work/prj/AIPrj/sim/sim_fxx/rtl/ipsim/fifo_8k_14bit_sim_netlist.v", 5382: 

*Error* view FDRE is not defined for instance \gcc0.gc1.gsym.count_d2_reg[7]
"/media/cqiu/e/work/prj/AIPrj/sim/sim_fxx/rtl/ipsim/fifo_8k_14bit_sim_netlist.v", 5390: 

*Error* view FDRE is not defined for instance \gcc0.gc1.gsym.count_d2_reg[8]
"/media/cqiu/e/work/prj/AIPrj/sim/sim_fxx/rtl/ipsim/fifo_8k_14bit_sim_netlist.v", 5398: 

*Error* view FDRE is not defined for instance \gcc0.gc1.gsym.count_d2_reg[9]
"/media/cqiu/e/work/prj/AIPrj/sim/sim_fxx/rtl/ipsim/fifo_8k_14bit_sim_netlist.v", 5406: 

*Error* view FDRE is not defined for instance \gcc0.gc1.gsym.count_reg[0]
"/media/cqiu/e/work/prj/AIPrj/sim/sim_fxx/rtl/ipsim/fifo_8k_14bit_sim_netlist.v", 5414: 

*Error* view FDRE is not defined for instance \gcc0.gc1.gsym.count_reg[10]
"/media/cqiu/e/work/prj/AIPrj/sim/sim_fxx/rtl/ipsim/fifo_8k_14bit_sim_netlist.v", 5429: 

*Error* view FDRE is not defined for instance \gcc0.gc1.gsym.count_reg[11]
"/media/cqiu/e/work/prj/AIPrj/sim/sim_fxx/rtl/ipsim/fifo_8k_14bit_sim_netlist.v", 5437: 

*Error* view FDRE is not defined for instance \gcc0.gc1.gsym.count_reg[12]
"/media/cqiu/e/work/prj/AIPrj/sim/sim_fxx/rtl/ipsim/fifo_8k_14bit_sim_netlist.v", 5445: 

*Error* view FDRE is not defined for instance \gcc0.gc1.gsym.count_reg[2]
"/media/cqiu/e/work/prj/AIPrj/sim/sim_fxx/rtl/ipsim/fifo_8k_14bit_sim_netlist.v", 5468: 

*Error* view FDRE is not defined for instance \gcc0.gc1.gsym.count_reg[3]
"/media/cqiu/e/work/prj/AIPrj/sim/sim_fxx/rtl/ipsim/fifo_8k_14bit_sim_netlist.v", 5476: 

*Error* view FDRE is not defined for instance \gcc0.gc1.gsym.count_reg[4]
"/media/cqiu/e/work/prj/AIPrj/sim/sim_fxx/rtl/ipsim/fifo_8k_14bit_sim_netlist.v", 5484: 

*Error* view FDRE is not defined for instance \gcc0.gc1.gsym.count_reg[5]
"/media/cqiu/e/work/prj/AIPrj/sim/sim_fxx/rtl/ipsim/fifo_8k_14bit_sim_netlist.v", 5499: 

*Error* view FDRE is not defined for instance \gcc0.gc1.gsym.count_reg[6]
"/media/cqiu/e/work/prj/AIPrj/sim/sim_fxx/rtl/ipsim/fifo_8k_14bit_sim_netlist.v", 5507: 

*Error* view FDRE is not defined for instance \gcc0.gc1.gsym.count_reg[7]
"/media/cqiu/e/work/prj/AIPrj/sim/sim_fxx/rtl/ipsim/fifo_8k_14bit_sim_netlist.v", 5515: 

*Error* view FDRE is not defined for instance \gcc0.gc1.gsym.count_reg[8]
"/media/cqiu/e/work/prj/AIPrj/sim/sim_fxx/rtl/ipsim/fifo_8k_14bit_sim_netlist.v", 5523: 

*Error* view FDRE is not defined for instance \gcc0.gc1.gsym.count_reg[9]
"/media/cqiu/e/work/prj/AIPrj/sim/sim_fxx/rtl/ipsim/fifo_8k_14bit_sim_netlist.v", 5538: 

*Error* view CARRY4 is not defined for instance \gcc0.gc1.gsym.count_reg[0]_i_1
"/media/cqiu/e/work/prj/AIPrj/sim/sim_fxx/rtl/ipsim/fifo_8k_14bit_sim_netlist.v", 5420: 

*Error* view CARRY4 is not defined for instance \gcc0.gc1.gsym.count_reg[12]_i_1
"/media/cqiu/e/work/prj/AIPrj/sim/sim_fxx/rtl/ipsim/fifo_8k_14bit_sim_netlist.v", 5451: 

*Error* view CARRY4 is not defined for instance \gcc0.gc1.gsym.count_reg[4]_i_1
"/media/cqiu/e/work/prj/AIPrj/sim/sim_fxx/rtl/ipsim/fifo_8k_14bit_sim_netlist.v", 5490: 

*Error* view CARRY4 is not defined for instance \gcc0.gc1.gsym.count_reg[8]_i_1
"/media/cqiu/e/work/prj/AIPrj/sim/sim_fxx/rtl/ipsim/fifo_8k_14bit_sim_netlist.v", 5529: 

*Error* view LUT4 is not defined for instance \gmux.gm[0].gm1.m1_i_1
"/media/cqiu/e/work/prj/AIPrj/sim/sim_fxx/rtl/ipsim/fifo_8k_14bit_sim_netlist.v", 5546: 

*Error* view LUT4 is not defined for instance \gmux.gm[0].gm1.m1_i_1__0
"/media/cqiu/e/work/prj/AIPrj/sim/sim_fxx/rtl/ipsim/fifo_8k_14bit_sim_netlist.v", 5554: 

*Error* view LUT4 is not defined for instance \gmux.gm[0].gm1.m1_i_1__1
"/media/cqiu/e/work/prj/AIPrj/sim/sim_fxx/rtl/ipsim/fifo_8k_14bit_sim_netlist.v", 5562: 

*Error* view LUT4 is not defined for instance \gmux.gm[0].gm1.m1_i_1__2
"/media/cqiu/e/work/prj/AIPrj/sim/sim_fxx/rtl/ipsim/fifo_8k_14bit_sim_netlist.v", 5570: 

*Error* view LUT4 is not defined for instance \gmux.gm[0].gm1.m1_i_1__3
"/media/cqiu/e/work/prj/AIPrj/sim/sim_fxx/rtl/ipsim/fifo_8k_14bit_sim_netlist.v", 5578: 

*Error* view LUT4 is not defined for instance \gmux.gm[0].gm1.m1_i_1__4
"/media/cqiu/e/work/prj/AIPrj/sim/sim_fxx/rtl/ipsim/fifo_8k_14bit_sim_netlist.v", 5586: 

*Error* view LUT4 is not defined for instance \gmux.gm[1].gms.ms_i_1
"/media/cqiu/e/work/prj/AIPrj/sim/sim_fxx/rtl/ipsim/fifo_8k_14bit_sim_netlist.v", 5594: 

*Error* view LUT4 is not defined for instance \gmux.gm[1].gms.ms_i_1__0
"/media/cqiu/e/work/prj/AIPrj/sim/sim_fxx/rtl/ipsim/fifo_8k_14bit_sim_netlist.v", 5602: 

*Error* view LUT4 is not defined for instance \gmux.gm[1].gms.ms_i_1__1
"/media/cqiu/e/work/prj/AIPrj/sim/sim_fxx/rtl/ipsim/fifo_8k_14bit_sim_netlist.v", 5610: 

*Error* view LUT4 is not defined for instance \gmux.gm[1].gms.ms_i_1__2
"/media/cqiu/e/work/prj/AIPrj/sim/sim_fxx/rtl/ipsim/fifo_8k_14bit_sim_netlist.v", 5618: 

*Error* view LUT4 is not defined for instance \gmux.gm[1].gms.ms_i_1__3
"/media/cqiu/e/work/prj/AIPrj/sim/sim_fxx/rtl/ipsim/fifo_8k_14bit_sim_netlist.v", 5626: 

*Error* view LUT4 is not defined for instance \gmux.gm[1].gms.ms_i_1__4
"/media/cqiu/e/work/prj/AIPrj/sim/sim_fxx/rtl/ipsim/fifo_8k_14bit_sim_netlist.v", 5634: 

*Error* view LUT4 is not defined for instance \gmux.gm[2].gms.ms_i_1
"/media/cqiu/e/work/prj/AIPrj/sim/sim_fxx/rtl/ipsim/fifo_8k_14bit_sim_netlist.v", 5642: 

*Error* view LUT4 is not defined for instance \gmux.gm[2].gms.ms_i_1__0
"/media/cqiu/e/work/prj/AIPrj/sim/sim_fxx/rtl/ipsim/fifo_8k_14bit_sim_netlist.v", 5650: 

*Error* view LUT4 is not defined for instance \gmux.gm[2].gms.ms_i_1__1
"/media/cqiu/e/work/prj/AIPrj/sim/sim_fxx/rtl/ipsim/fifo_8k_14bit_sim_netlist.v", 5658: 

*Error* view LUT4 is not defined for instance \gmux.gm[2].gms.ms_i_1__2
"/media/cqiu/e/work/prj/AIPrj/sim/sim_fxx/rtl/ipsim/fifo_8k_14bit_sim_netlist.v", 5666: 

*Error* view LUT4 is not defined for instance \gmux.gm[2].gms.ms_i_1__3
"/media/cqiu/e/work/prj/AIPrj/sim/sim_fxx/rtl/ipsim/fifo_8k_14bit_sim_netlist.v", 5674: 

*Error* view LUT4 is not defined for instance \gmux.gm[2].gms.ms_i_1__4
"/media/cqiu/e/work/prj/AIPrj/sim/sim_fxx/rtl/ipsim/fifo_8k_14bit_sim_netlist.v", 5682: 

*Error* view LUT4 is not defined for instance \gmux.gm[3].gms.ms_i_1
"/media/cqiu/e/work/prj/AIPrj/sim/sim_fxx/rtl/ipsim/fifo_8k_14bit_sim_netlist.v", 5690: 

*Error* view LUT4 is not defined for instance \gmux.gm[3].gms.ms_i_1__0
"/media/cqiu/e/work/prj/AIPrj/sim/sim_fxx/rtl/ipsim/fifo_8k_14bit_sim_netlist.v", 5698: 

*Error* view LUT4 is not defined for instance \gmux.gm[3].gms.ms_i_1__1
"/media/cqiu/e/work/prj/AIPrj/sim/sim_fxx/rtl/ipsim/fifo_8k_14bit_sim_netlist.v", 5706: 

*Error* view LUT4 is not defined for instance \gmux.gm[3].gms.ms_i_1__2
"/media/cqiu/e/work/prj/AIPrj/sim/sim_fxx/rtl/ipsim/fifo_8k_14bit_sim_netlist.v", 5714: 

*Error* view LUT4 is not defined for instance \gmux.gm[3].gms.ms_i_1__3
"/media/cqiu/e/work/prj/AIPrj/sim/sim_fxx/rtl/ipsim/fifo_8k_14bit_sim_netlist.v", 5722: 

*Error* view LUT4 is not defined for instance \gmux.gm[3].gms.ms_i_1__4
"/media/cqiu/e/work/prj/AIPrj/sim/sim_fxx/rtl/ipsim/fifo_8k_14bit_sim_netlist.v", 5730: 

*Error* view LUT4 is not defined for instance \gmux.gm[4].gms.ms_i_1
"/media/cqiu/e/work/prj/AIPrj/sim/sim_fxx/rtl/ipsim/fifo_8k_14bit_sim_netlist.v", 5738: 

*Error* view LUT4 is not defined for instance \gmux.gm[4].gms.ms_i_1__0
"/media/cqiu/e/work/prj/AIPrj/sim/sim_fxx/rtl/ipsim/fifo_8k_14bit_sim_netlist.v", 5746: 

*Error* view LUT4 is not defined for instance \gmux.gm[4].gms.ms_i_1__1
"/media/cqiu/e/work/prj/AIPrj/sim/sim_fxx/rtl/ipsim/fifo_8k_14bit_sim_netlist.v", 5754: 

*Error* view LUT4 is not defined for instance \gmux.gm[4].gms.ms_i_1__2
"/media/cqiu/e/work/prj/AIPrj/sim/sim_fxx/rtl/ipsim/fifo_8k_14bit_sim_netlist.v", 5762: 

*Error* view LUT4 is not defined for instance \gmux.gm[4].gms.ms_i_1__3
"/media/cqiu/e/work/prj/AIPrj/sim/sim_fxx/rtl/ipsim/fifo_8k_14bit_sim_netlist.v", 5770: 

*Error* view LUT4 is not defined for instance \gmux.gm[4].gms.ms_i_1__4
"/media/cqiu/e/work/prj/AIPrj/sim/sim_fxx/rtl/ipsim/fifo_8k_14bit_sim_netlist.v", 5778: 

*Error* view LUT4 is not defined for instance \gmux.gm[5].gms.ms_i_1
"/media/cqiu/e/work/prj/AIPrj/sim/sim_fxx/rtl/ipsim/fifo_8k_14bit_sim_netlist.v", 5786: 

*Error* view LUT4 is not defined for instance \gmux.gm[5].gms.ms_i_1__0
"/media/cqiu/e/work/prj/AIPrj/sim/sim_fxx/rtl/ipsim/fifo_8k_14bit_sim_netlist.v", 5794: 

*Error* view LUT4 is not defined for instance \gmux.gm[5].gms.ms_i_1__1
"/media/cqiu/e/work/prj/AIPrj/sim/sim_fxx/rtl/ipsim/fifo_8k_14bit_sim_netlist.v", 5802: 

*Error* view LUT4 is not defined for instance \gmux.gm[5].gms.ms_i_1__2
"/media/cqiu/e/work/prj/AIPrj/sim/sim_fxx/rtl/ipsim/fifo_8k_14bit_sim_netlist.v", 5810: 

*Error* view LUT4 is not defined for instance \gmux.gm[5].gms.ms_i_1__3
"/media/cqiu/e/work/prj/AIPrj/sim/sim_fxx/rtl/ipsim/fifo_8k_14bit_sim_netlist.v", 5818: 

*Error* view LUT4 is not defined for instance \gmux.gm[5].gms.ms_i_1__4
"/media/cqiu/e/work/prj/AIPrj/sim/sim_fxx/rtl/ipsim/fifo_8k_14bit_sim_netlist.v", 5826: 

*Error* view LUT2 is not defined for instance \DEVICE_7SERIES.NO_BMM_INFO.SDP.SIMPLE_PRIM36.ram_i_1__0
"/media/cqiu/e/work/prj/AIPrj/sim/sim_fxx/rtl/ipsim/fifo_8k_14bit_sim_netlist.v", 6041: 

*Error* view LUT2 is not defined for instance \DEVICE_7SERIES.NO_BMM_INFO.SDP.SIMPLE_PRIM36.ram_i_3
"/media/cqiu/e/work/prj/AIPrj/sim/sim_fxx/rtl/ipsim/fifo_8k_14bit_sim_netlist.v", 6054: 

*Error* view LUT3 is not defined for instance \DEVICE_7SERIES.NO_BMM_INFO.SDP.SIMPLE_PRIM36.ram_i_1__1
"/media/cqiu/e/work/prj/AIPrj/sim/sim_fxx/rtl/ipsim/fifo_8k_14bit_sim_netlist.v", 6047: 

*Error* view FDRE is not defined for instance \gaf.gaf0.ram_afull_i_reg
"/media/cqiu/e/work/prj/AIPrj/sim/sim_fxx/rtl/ipsim/fifo_8k_14bit_sim_netlist.v", 6086: 

*Error* view FDRE is not defined for instance ram_full_fb_i_reg
"/media/cqiu/e/work/prj/AIPrj/sim/sim_fxx/rtl/ipsim/fifo_8k_14bit_sim_netlist.v", 6102: 

*Error* view FDRE is not defined for instance ram_full_i_reg
"/media/cqiu/e/work/prj/AIPrj/sim/sim_fxx/rtl/ipsim/fifo_8k_14bit_sim_netlist.v", 6113: 

*Error* view LUT1 is not defined for instance i_0
"/media/cqiu/e/work/prj/AIPrj/sim/sim_fxx/rtl/ipsim/fifo_8k_14bit_sim_netlist.v", 6094: 

*Warning* port sizes differ (8 vs 23) in port connection (port dinb)
"/media/cqiu/e/work/prj/AIPrj/sim/sim_fxx/rtl/lzw_backward_byte_reverse.v", 324: 
Total	557 error(s),   1 warning(s)
